This is pdfTeX, Version 3.14159265-2.6-1.40.20 (TeX Live 2019/Debian) (preloaded format=pdflatex 2020.6.26)  15 JUL 2020 15:58
entering extended mode
 restricted \write18 enabled.
 %&-line parsing enabled.
**main.tex
(./main.tex
LaTeX2e <2020-02-02> patch level 2
L3 programming layer <2020-02-14>
(/usr/share/texlive/texmf-dist/tex/latex/base/report.cls
Document Class: report 2019/12/20 v1.4l Standard LaTeX document class
(/usr/share/texlive/texmf-dist/tex/latex/base/size10.clo
File: size10.clo 2019/12/20 v1.4l Standard LaTeX file (size option)
)
\c@part=\count167
\c@chapter=\count168
\c@section=\count169
\c@subsection=\count170
\c@subsubsection=\count171
\c@paragraph=\count172
\c@subparagraph=\count173
\c@figure=\count174
\c@table=\count175
\abovecaptionskip=\skip47
\belowcaptionskip=\skip48
\bibindent=\dimen134
)
(/usr/share/texlive/texmf-dist/tex/latex/listings/listings.sty
(/usr/share/texlive/texmf-dist/tex/latex/graphics/keyval.sty
Package: keyval 2014/10/28 v1.15 key=value parser (DPC)
\KV@toks@=\toks14
)
\lst@mode=\count176
\lst@gtempboxa=\box45
\lst@token=\toks15
\lst@length=\count177
\lst@currlwidth=\dimen135
\lst@column=\count178
\lst@pos=\count179
\lst@lostspace=\dimen136
\lst@width=\dimen137
\lst@newlines=\count180
\lst@lineno=\count181
\lst@maxwidth=\dimen138

(/usr/share/texlive/texmf-dist/tex/latex/listings/lstmisc.sty
File: lstmisc.sty 2019/09/10 1.8c (Carsten Heinz)
\c@lstnumber=\count182
\lst@skipnumbers=\count183
\lst@framebox=\box46
)
(/usr/share/texlive/texmf-dist/tex/latex/listings/listings.cfg
File: listings.cfg 2019/09/10 1.8c listings configuration
))
Package: listings 2019/09/10 1.8c (Carsten Heinz)

(/usr/share/texlive/texmf-dist/tex/latex/xcolor/xcolor.sty
Package: xcolor 2016/05/11 v2.12 LaTeX color extensions (UK)

(/usr/share/texlive/texmf-dist/tex/latex/graphics-cfg/color.cfg
File: color.cfg 2016/01/02 v1.6 sample color configuration
)
Package xcolor Info: Driver file: pdftex.def on input line 225.

(/usr/share/texlive/texmf-dist/tex/latex/graphics-def/pdftex.def
File: pdftex.def 2018/01/08 v1.0l Graphics/color driver for pdftex
)
Package xcolor Info: Model `cmy' substituted by `cmy0' on input line 1348.
Package xcolor Info: Model `hsb' substituted by `rgb' on input line 1352.
Package xcolor Info: Model `RGB' extended on input line 1364.
Package xcolor Info: Model `HTML' substituted by `rgb' on input line 1366.
Package xcolor Info: Model `Hsb' substituted by `hsb' on input line 1367.
Package xcolor Info: Model `tHsb' substituted by `hsb' on input line 1368.
Package xcolor Info: Model `HSB' substituted by `hsb' on input line 1369.
Package xcolor Info: Model `Gray' substituted by `gray' on input line 1370.
Package xcolor Info: Model `wave' substituted by `hsb' on input line 1371.
)
(/usr/share/texlive/texmf-dist/tex/latex/adjustbox/adjustbox.sty
Package: adjustbox 2019/01/04 v1.2 Adjusting TeX boxes (trim, clip, ...)

(/usr/share/texlive/texmf-dist/tex/latex/xkeyval/xkeyval.sty
Package: xkeyval 2014/12/03 v2.7a package option processing (HA)

(/usr/share/texlive/texmf-dist/tex/generic/xkeyval/xkeyval.tex
(/usr/share/texlive/texmf-dist/tex/generic/xkeyval/xkvutils.tex
\XKV@toks=\toks16
\XKV@tempa@toks=\toks17
)
\XKV@depth=\count184
File: xkeyval.tex 2014/12/03 v2.7a key=value parser (HA)
))
(/usr/share/texlive/texmf-dist/tex/latex/adjustbox/adjcalc.sty
Package: adjcalc 2012/05/16 v1.1 Provides advanced setlength with multiple back
-ends (calc, etex, pgfmath)
)
(/usr/share/texlive/texmf-dist/tex/latex/adjustbox/trimclip.sty
Package: trimclip 2018/04/08 v1.1 Trim and clip general TeX material

(/usr/share/texlive/texmf-dist/tex/latex/graphics/graphicx.sty
Package: graphicx 2019/11/30 v1.2a Enhanced LaTeX Graphics (DPC,SPQR)

(/usr/share/texlive/texmf-dist/tex/latex/graphics/graphics.sty
Package: graphics 2019/11/30 v1.4a Standard LaTeX Graphics (DPC,SPQR)

(/usr/share/texlive/texmf-dist/tex/latex/graphics/trig.sty
Package: trig 2016/01/03 v1.10 sin cos tan (DPC)
)
(/usr/share/texlive/texmf-dist/tex/latex/graphics-cfg/graphics.cfg
File: graphics.cfg 2016/06/04 v1.11 sample graphics configuration
)
Package graphics Info: Driver file: pdftex.def on input line 105.
)
\Gin@req@height=\dimen139
\Gin@req@width=\dimen140
)
(/usr/share/texlive/texmf-dist/tex/latex/collectbox/collectbox.sty
Package: collectbox 2012/05/17 v0.4b Collect macro arguments as boxes
\collectedbox=\box47
)
\tc@llx=\dimen141
\tc@lly=\dimen142
\tc@urx=\dimen143
\tc@ury=\dimen144
Package trimclip Info: Using driver 'tc-pdftex.def'.

(/usr/share/texlive/texmf-dist/tex/latex/adjustbox/tc-pdftex.def
File: tc-pdftex.def 2019/01/04 v2.2 Clipping driver for pdftex
))
\adjbox@Width=\dimen145
\adjbox@Height=\dimen146
\adjbox@Depth=\dimen147
\adjbox@Totalheight=\dimen148
\adjbox@pwidth=\dimen149
\adjbox@pheight=\dimen150
\adjbox@pdepth=\dimen151
\adjbox@ptotalheight=\dimen152

(/usr/share/texlive/texmf-dist/tex/latex/ifoddpage/ifoddpage.sty
Package: ifoddpage 2016/04/23 v1.1 Conditionals for odd/even page detection
\c@checkoddpage=\count185
)
(/usr/share/texlive/texmf-dist/tex/latex/varwidth/varwidth.sty
Package: varwidth 2009/03/30 ver 0.92;  Variable-width minipages
\@vwid@box=\box48
\sift@deathcycles=\count186
\@vwid@loff=\dimen153
\@vwid@roff=\dimen154
))
(/usr/share/texlive/texmf-dist/tex/latex/graphics/rotating.sty
Package: rotating 2016/08/11 v2.16d rotated objects in LaTeX

(/usr/share/texlive/texmf-dist/tex/latex/base/ifthen.sty
Package: ifthen 2014/09/29 v1.1c Standard LaTeX ifthen package (DPC)
)
\c@r@tfl@t=\count187
\rotFPtop=\skip49
\rotFPbot=\skip50
\rot@float@box=\box49
\rot@mess@toks=\toks18
)
(/usr/share/texlive/texmf-dist/tex/latex/amsmath/amsmath.sty
Package: amsmath 2020/01/20 v2.17e AMS math features
\@mathmargin=\skip51

For additional information on amsmath, use the `?' option.
(/usr/share/texlive/texmf-dist/tex/latex/amsmath/amstext.sty
Package: amstext 2000/06/29 v2.01 AMS text

(/usr/share/texlive/texmf-dist/tex/latex/amsmath/amsgen.sty
File: amsgen.sty 1999/11/30 v2.0 generic functions
\@emptytoks=\toks19
\ex@=\dimen155
))
(/usr/share/texlive/texmf-dist/tex/latex/amsmath/amsbsy.sty
Package: amsbsy 1999/11/29 v1.2d Bold Symbols
\pmbraise@=\dimen156
)
(/usr/share/texlive/texmf-dist/tex/latex/amsmath/amsopn.sty
Package: amsopn 2016/03/08 v2.02 operator names
)
\inf@bad=\count188
LaTeX Info: Redefining \frac on input line 227.
\uproot@=\count189
\leftroot@=\count190
LaTeX Info: Redefining \overline on input line 389.
\classnum@=\count191
\DOTSCASE@=\count192
LaTeX Info: Redefining \ldots on input line 486.
LaTeX Info: Redefining \dots on input line 489.
LaTeX Info: Redefining \cdots on input line 610.
\Mathstrutbox@=\box50
\strutbox@=\box51
\big@size=\dimen157
LaTeX Font Info:    Redeclaring font encoding OML on input line 733.
LaTeX Font Info:    Redeclaring font encoding OMS on input line 734.
\macc@depth=\count193
\c@MaxMatrixCols=\count194
\dotsspace@=\muskip16
\c@parentequation=\count195
\dspbrk@lvl=\count196
\tag@help=\toks20
\row@=\count197
\column@=\count198
\maxfields@=\count199
\andhelp@=\toks21
\eqnshift@=\dimen158
\alignsep@=\dimen159
\tagshift@=\dimen160
\tagwidth@=\dimen161
\totwidth@=\dimen162
\lineht@=\dimen163
\@envbody=\toks22
\multlinegap=\skip52
\multlinetaggap=\skip53
\mathdisplay@stack=\toks23
LaTeX Info: Redefining \[ on input line 2859.
LaTeX Info: Redefining \] on input line 2860.
)
(/usr/share/texlive/texmf-dist/tex/latex/mathtools/mathtools.sty
Package: mathtools 2020/01/17 v1.23 mathematical typesetting tools

(/usr/share/texlive/texmf-dist/tex/latex/tools/calc.sty
Package: calc 2017/05/25 v4.3 Infix arithmetic (KKT,FJ)
\calc@Acount=\count266
\calc@Bcount=\count267
\calc@Adimen=\dimen164
\calc@Bdimen=\dimen165
\calc@Askip=\skip54
\calc@Bskip=\skip55
LaTeX Info: Redefining \setlength on input line 80.
LaTeX Info: Redefining \addtolength on input line 81.
\calc@Ccount=\count268
\calc@Cskip=\skip56
)
(/usr/share/texlive/texmf-dist/tex/latex/mathtools/mhsetup.sty
Package: mhsetup 2017/03/31 v1.3 programming setup (MH)
)
LaTeX Info: Thecontrolsequence`\('isalreadyrobust on input line 129.
LaTeX Info: Thecontrolsequence`\)'isalreadyrobust on input line 129.
LaTeX Info: Thecontrolsequence`\['isalreadyrobust on input line 129.
LaTeX Info: Thecontrolsequence`\]'isalreadyrobust on input line 129.
\g_MT_multlinerow_int=\count269
\l_MT_multwidth_dim=\dimen166
\origjot=\skip57
\l_MT_shortvdotswithinadjustabove_dim=\dimen167
\l_MT_shortvdotswithinadjustbelow_dim=\dimen168
\l_MT_above_intertext_sep=\dimen169
\l_MT_below_intertext_sep=\dimen170
\l_MT_above_shortintertext_sep=\dimen171
\l_MT_below_shortintertext_sep=\dimen172
)
(/usr/share/texlive/texmf-dist/tex/latex/appendix/appendix.sty
Package: appendix 2020/02/08 v1.2c extra appendix facilities
\c@@pps=\count270
\c@@ppsavesec=\count271
\c@@ppsaveapp=\count272
)
(/usr/share/texlive/texmf-dist/tex/latex/glossaries/base/glossaries.sty
Package: glossaries 2020/02/13 v4.45 (NLCT)

(/usr/share/texlive/texmf-dist/tex/latex/mfirstuc/mfirstuc.sty
Package: mfirstuc 2017/11/14 v2.06 (NLCT)

(/usr/share/texlive/texmf-dist/tex/latex/etoolbox/etoolbox.sty
Package: etoolbox 2019/09/21 v2.5h e-TeX tools for LaTeX (JAW)
\etb@tempcnta=\count273
)
\@glsmfirst=\toks24
\@glsmrest=\toks25
)
(/usr/share/texlive/texmf-dist/tex/latex/textcase/textcase.sty
Package: textcase 2019/09/14 v1.00 Text only upper/lower case changing (DPC)
)
(/usr/share/texlive/texmf-dist/tex/latex/xfor/xfor.sty
Package: xfor 2009/02/05 v1.05 (NLCT)
)
(/usr/share/texlive/texmf-dist/tex/latex/datatool/datatool-base.sty
Package: datatool-base 2019/09/27 v2.32 (NLCT)

(/usr/share/texlive/texmf-dist/tex/latex/substr/substr.sty
Package: substr 2009/10/20 v1.2 Handle substrings
\c@su@anzahl=\count274
)
(/usr/share/texlive/texmf-dist/tex/latex/datatool/datatool-fp.sty
Package: datatool-fp 2019/09/27 v2.32 (NLCT)

(/usr/share/texlive/texmf-dist/tex/latex/fp/fp.sty
Package: fp 1995/04/02

`Fixed Point Package', Version 0.8, April 2, 1995 (C) Michael Mehlich
(/usr/share/texlive/texmf-dist/tex/latex/fp/defpattern.sty
Package: defpattern 1994/10/12
\actioncount=\count275
)
(/usr/share/texlive/texmf-dist/tex/latex/fp/fp-basic.sty
Package: fp-basic 1996/05/13
\FP@xs=\count276
\FP@xia=\count277
\FP@xib=\count278
\FP@xfa=\count279
\FP@xfb=\count280
\FP@rega=\count281
\FP@regb=\count282
\FP@regs=\count283
\FP@times=\count284
)
(/usr/share/texlive/texmf-dist/tex/latex/fp/fp-addons.sty
Package: fp-addons 1995/03/15
)
(/usr/share/texlive/texmf-dist/tex/latex/fp/fp-snap.sty
Package: fp-snap 1995/04/05
)
(/usr/share/texlive/texmf-dist/tex/latex/fp/fp-exp.sty
Package: fp-exp 1995/04/03
)
(/usr/share/texlive/texmf-dist/tex/latex/fp/fp-trigo.sty
Package: fp-trigo 1995/04/14
)
(/usr/share/texlive/texmf-dist/tex/latex/fp/fp-pas.sty
Package: fp-pas 1994/08/29
)
(/usr/share/texlive/texmf-dist/tex/latex/fp/fp-random.sty
Package: fp-random 1995/02/23
\FPseed=\count285
)
(/usr/share/texlive/texmf-dist/tex/latex/fp/fp-eqn.sty
Package: fp-eqn 1995/04/03
)
(/usr/share/texlive/texmf-dist/tex/latex/fp/fp-upn.sty
Package: fp-upn 1996/10/21
)
(/usr/share/texlive/texmf-dist/tex/latex/fp/fp-eval.sty
Package: fp-eval 1995/04/03
)))
\@dtl@toks=\toks26
\@dtl@tmpcount=\count286
\dtl@tmplength=\skip58
\dtl@sortresult=\count287
\@dtl@numgrpsepcount=\count288
\@dtl@datatype=\count289
\dtl@codeA=\count290
\dtl@codeB=\count291
\@dtl@foreach@level=\count292
)
(/usr/share/texlive/texmf-dist/tex/latex/glossaries/base/glossaries-compatible-
307.sty
Package: glossaries-compatible-307 2020/02/13 v4.45 (NLCT)
)
\gls@level=\count293
\@gls@tmpb=\toks27
\gls@tmplen=\skip59
\glskeylisttok=\toks28
\glslabeltok=\toks29
\glsshorttok=\toks30
\glslongtok=\toks31

(/usr/share/texlive/texmf-dist/tex/latex/glossaries/styles/glossary-hypernav.st
y
Package: glossary-hypernav 2020/02/13 v4.45 (NLCT)
) (/usr/share/texlive/texmf-dist/tex/latex/glossaries/styles/glossary-list.sty
Package: glossary-list 2020/02/13 v4.45 (NLCT)
\glslistdottedwidth=\skip60
) (/usr/share/texlive/texmf-dist/tex/latex/glossaries/styles/glossary-long.sty
Package: glossary-long 2020/02/13 v4.45 (NLCT)

(/usr/share/texlive/texmf-dist/tex/latex/tools/longtable.sty
Package: longtable 2020/01/07 v4.13 Multi-page Table package (DPC)
\LTleft=\skip61
\LTright=\skip62
\LTpre=\skip63
\LTpost=\skip64
\LTchunksize=\count294
\LTcapwidth=\dimen173
\LT@head=\box52
\LT@firsthead=\box53
\LT@foot=\box54
\LT@lastfoot=\box55
\LT@cols=\count295
\LT@rows=\count296
\c@LT@tables=\count297
\c@LT@chunks=\count298
\LT@p@ftn=\toks32
)
\glsdescwidth=\skip65
\glspagelistwidth=\skip66
)
(/usr/share/texlive/texmf-dist/tex/latex/glossaries/styles/glossary-super.sty
Package: glossary-super 2020/02/13 v4.45 (NLCT)

(/usr/share/texlive/texmf-dist/tex/latex/supertabular/supertabular.sty
Package: supertabular 2020/02/02 v4.1g the supertabular environment
\c@tracingst=\count299
\ST@wd=\dimen174
\ST@rightskip=\skip67
\ST@leftskip=\skip68
\ST@parfillskip=\skip69
\ST@pageleft=\dimen175
\ST@headht=\dimen176
\ST@tailht=\dimen177
\ST@pagesofar=\dimen178
\ST@pboxht=\dimen179
\ST@lineht=\dimen180
\ST@prevht=\dimen181
\ST@toadd=\dimen182
\ST@dimen=\dimen183
\ST@pbox=\box56
))
(/usr/share/texlive/texmf-dist/tex/latex/glossaries/styles/glossary-tree.sty
Package: glossary-tree 2020/02/13 v4.45 (NLCT)
\glstreeindent=\skip70
))
(/usr/share/texlive/texmf-dist/tex/latex/setspace/setspace.sty
Package: setspace 2011/12/19 v6.7a set line spacing
)
(/usr/share/texlive/texmf-dist/tex/latex/fancyhdr/fancyhdr.sty
Package: fancyhdr 2019/01/31 v3.10 Extensive control of page headers and footer
s
\f@nch@headwidth=\skip71
\f@nch@O@elh=\skip72
\f@nch@O@erh=\skip73
\f@nch@O@olh=\skip74
\f@nch@O@orh=\skip75
\f@nch@O@elf=\skip76
\f@nch@O@erf=\skip77
\f@nch@O@olf=\skip78
\f@nch@O@orf=\skip79
)
(/usr/share/texlive/texmf-dist/tex/latex/hyperref/hyperref.sty
Package: hyperref 2020/01/14 v7.00d Hypertext links for LaTeX

(/usr/share/texlive/texmf-dist/tex/generic/ltxcmds/ltxcmds.sty
Package: ltxcmds 2019/12/15 v1.24 LaTeX kernel commands for general use (HO)
)
(/usr/share/texlive/texmf-dist/tex/generic/iftex/iftex.sty
Package: iftex 2019/11/07 v1.0c TeX engine tests
)
(/usr/share/texlive/texmf-dist/tex/latex/pdftexcmds/pdftexcmds.sty
Package: pdftexcmds 2019/11/24 v0.31 Utility functions of pdfTeX for LuaTeX (HO
)

(/usr/share/texlive/texmf-dist/tex/generic/infwarerr/infwarerr.sty
Package: infwarerr 2019/12/03 v1.5 Providing info/warning/error messages (HO)
)
Package pdftexcmds Info: \pdf@primitive is available.
Package pdftexcmds Info: \pdf@ifprimitive is available.
Package pdftexcmds Info: \pdfdraftmode found.
)
(/usr/share/texlive/texmf-dist/tex/generic/kvsetkeys/kvsetkeys.sty
Package: kvsetkeys 2019/12/15 v1.18 Key value parser (HO)
)
(/usr/share/texlive/texmf-dist/tex/generic/kvdefinekeys/kvdefinekeys.sty
Package: kvdefinekeys 2019-12-19 v1.6 Define keys (HO)
)
(/usr/share/texlive/texmf-dist/tex/generic/pdfescape/pdfescape.sty
Package: pdfescape 2019/12/09 v1.15 Implements pdfTeX's escape features (HO)
)
(/usr/share/texlive/texmf-dist/tex/latex/hycolor/hycolor.sty
Package: hycolor 2020-01-27 v1.10 Color options for hyperref/bookmark (HO)
)
(/usr/share/texlive/texmf-dist/tex/latex/letltxmacro/letltxmacro.sty
Package: letltxmacro 2019/12/03 v1.6 Let assignment for LaTeX macros (HO)
)
(/usr/share/texlive/texmf-dist/tex/latex/auxhook/auxhook.sty
Package: auxhook 2019-12-17 v1.6 Hooks for auxiliary files (HO)
)
(/usr/share/texlive/texmf-dist/tex/latex/kvoptions/kvoptions.sty
Package: kvoptions 2019/11/29 v3.13 Key value format for package options (HO)
)
\@linkdim=\dimen184
\Hy@linkcounter=\count300
\Hy@pagecounter=\count301

(/usr/share/texlive/texmf-dist/tex/latex/hyperref/pd1enc.def
File: pd1enc.def 2020/01/14 v7.00d Hyperref: PDFDocEncoding definition (HO)
Now handling font encoding PD1 ...
... no UTF-8 mapping file for font encoding PD1
)
(/usr/share/texlive/texmf-dist/tex/generic/intcalc/intcalc.sty
Package: intcalc 2019/12/15 v1.3 Expandable calculations with integers (HO)
)
(/usr/share/texlive/texmf-dist/tex/generic/etexcmds/etexcmds.sty
Package: etexcmds 2019/12/15 v1.7 Avoid name clashes with e-TeX commands (HO)
)
\Hy@SavedSpaceFactor=\count302
\pdfmajorversion=\count303
Package hyperref Info: Hyper figures OFF on input line 4547.
Package hyperref Info: Link nesting OFF on input line 4552.
Package hyperref Info: Hyper index ON on input line 4555.
Package hyperref Info: Plain pages OFF on input line 4562.
Package hyperref Info: Backreferencing OFF on input line 4567.
Package hyperref Info: Implicit mode ON; LaTeX internals redefined.
Package hyperref Info: Bookmarks ON on input line 4800.
\c@Hy@tempcnt=\count304

(/usr/share/texlive/texmf-dist/tex/latex/url/url.sty
\Urlmuskip=\muskip17
Package: url 2013/09/16  ver 3.4  Verb mode for urls, etc.
)
LaTeX Info: Redefining \url on input line 5159.
\XeTeXLinkMargin=\dimen185

(/usr/share/texlive/texmf-dist/tex/generic/bitset/bitset.sty
Package: bitset 2019/12/09 v1.3 Handle bit-vector datatype (HO)

(/usr/share/texlive/texmf-dist/tex/generic/bigintcalc/bigintcalc.sty
Package: bigintcalc 2019/12/15 v1.5 Expandable calculations on big integers (HO
)
))
\Fld@menulength=\count305
\Field@Width=\dimen186
\Fld@charsize=\dimen187
Package hyperref Info: Hyper figures OFF on input line 6430.
Package hyperref Info: Link nesting OFF on input line 6435.
Package hyperref Info: Hyper index ON on input line 6438.
Package hyperref Info: backreferencing OFF on input line 6445.
Package hyperref Info: Link coloring OFF on input line 6450.
Package hyperref Info: Link coloring with OCG OFF on input line 6455.
Package hyperref Info: PDF/A mode OFF on input line 6460.
LaTeX Info: Redefining \ref on input line 6500.
LaTeX Info: Redefining \pageref on input line 6504.

(/usr/share/texlive/texmf-dist/tex/generic/atbegshi/atbegshi.sty
Package: atbegshi 2019/12/05 v1.19 At begin shipout hook (HO)
)
\Hy@abspage=\count306
\c@Item=\count307
\c@Hfootnote=\count308
)
Package hyperref Info: Driver (autodetected): hpdftex.

(/usr/share/texlive/texmf-dist/tex/latex/hyperref/hpdftex.def
File: hpdftex.def 2020/01/14 v7.00d Hyperref driver for pdfTeX

(/usr/share/texlive/texmf-dist/tex/latex/atveryend/atveryend.sty
Package: atveryend 2019-12-11 v1.11 Hooks at the very end of document (HO)
)
\Fld@listcount=\count309
\c@bookmark@seq@number=\count310

(/usr/share/texlive/texmf-dist/tex/latex/rerunfilecheck/rerunfilecheck.sty
Package: rerunfilecheck 2019/12/05 v1.9 Rerun checks for auxiliary files (HO)

(/usr/share/texlive/texmf-dist/tex/generic/uniquecounter/uniquecounter.sty
Package: uniquecounter 2019/12/15 v1.4 Provide unlimited unique counter (HO)
)
Package uniquecounter Info: New unique counter `rerunfilecheck' on input line 2
86.
)
\Hy@SectionHShift=\skip80
)
(/usr/share/texlive/texmf-dist/tex/latex/base/inputenc.sty
Package: inputenc 2018/08/11 v1.3c Input encoding file
\inpenc@prehook=\toks33
\inpenc@posthook=\toks34
)
(/usr/share/texlive/texmf-dist/tex/latex/tools/array.sty
Package: array 2019/08/31 v2.4l Tabular extension package (FMi)
\col@sep=\dimen188
\ar@mcellbox=\box57
\extrarowheight=\dimen189
\NC@list=\toks35
\extratabsurround=\skip81
\backup@length=\skip82
\ar@cellbox=\box58
)
(/usr/share/texlive/texmf-dist/tex/latex/lastpage/lastpage.sty
Package: lastpage 2015/03/29 v1.2m Refers to last page's name (HMM; JPG)
)
(/usr/share/texlive/texmf-dist/tex/latex/geometry/geometry.sty
Package: geometry 2020/01/02 v5.9 Page Geometry

(/usr/share/texlive/texmf-dist/tex/generic/iftex/ifvtex.sty
Package: ifvtex 2019/10/25 v1.7 ifvtex legacy package. Use iftex instead.
)
\Gm@cnth=\count311
\Gm@cntv=\count312
\c@Gm@tempcnt=\count313
\Gm@bindingoffset=\dimen190
\Gm@wd@mp=\dimen191
\Gm@odd@mp=\dimen192
\Gm@even@mp=\dimen193
\Gm@layoutwidth=\dimen194
\Gm@layoutheight=\dimen195
\Gm@layouthoffset=\dimen196
\Gm@layoutvoffset=\dimen197
\Gm@dimlist=\toks36
)
Package hyperref Info: Option `colorlinks' set `true' on input line 30.
\glswrite=\write3
\glo@acronym@file=\write4
\openout4 = `main.acn'.

Package glossaries Info: Writing glossary file main.acn on input line 180.
 (./accronims.tex) (/usr/share/texlive/texmf-dist/tex/latex/l3backend/l3backend
-pdfmode.def
File: l3backend-pdfmode.def 2020-02-03 L3 backend support: PDF mode
\l__kernel_color_stack_int=\count314
\l__pdf_internal_box=\box59
)
(./main.aux (./section1.aux)

LaTeX Warning: Label `appendix:c' multiply defined.

)
\openout1 = `main.aux'.

LaTeX Font Info:    Checking defaults for OML/cmm/m/it on input line 184.
LaTeX Font Info:    ... okay on input line 184.
LaTeX Font Info:    Checking defaults for OMS/cmsy/m/n on input line 184.
LaTeX Font Info:    ... okay on input line 184.
LaTeX Font Info:    Checking defaults for OT1/cmr/m/n on input line 184.
LaTeX Font Info:    ... okay on input line 184.
LaTeX Font Info:    Checking defaults for T1/cmr/m/n on input line 184.
LaTeX Font Info:    ... okay on input line 184.
LaTeX Font Info:    Checking defaults for TS1/cmr/m/n on input line 184.
LaTeX Font Info:    ... okay on input line 184.
LaTeX Font Info:    Checking defaults for OMX/cmex/m/n on input line 184.
LaTeX Font Info:    ... okay on input line 184.
LaTeX Font Info:    Checking defaults for U/cmr/m/n on input line 184.
LaTeX Font Info:    ... okay on input line 184.
LaTeX Font Info:    Checking defaults for PD1/pdf/m/n on input line 184.
LaTeX Font Info:    ... okay on input line 184.
\c@lstlisting=\count315
 (/usr/share/texlive/texmf-dist/tex/context/base/mkii/supp-pdf.mkii
[Loading MPS to PDF converter (version 2006.09.02).]
\scratchcounter=\count316
\scratchdimen=\dimen198
\scratchbox=\box60
\nofMPsegments=\count317
\nofMParguments=\count318
\everyMPshowfont=\toks37
\MPscratchCnt=\count319
\MPscratchDim=\dimen199
\MPnumerator=\count320
\makeMPintoPDFobject=\count321
\everyMPtoPDFconversion=\toks38
) (/usr/share/texlive/texmf-dist/tex/latex/epstopdf-pkg/epstopdf-base.sty
Package: epstopdf-base 2020-01-24 v2.11 Base part for package epstopdf
Package epstopdf-base Info: Redefining graphics rule for `.eps' on input line 4
85.

(/usr/share/texlive/texmf-dist/tex/latex/latexconfig/epstopdf-sys.cfg
File: epstopdf-sys.cfg 2010/07/13 v1.3 Configuration of (r)epstopdf for TeX Liv
e
))
\AtBeginShipoutBox=\box61
Package hyperref Info: Link coloring ON on input line 184.

(/usr/share/texlive/texmf-dist/tex/latex/hyperref/nameref.sty
Package: nameref 2019/09/16 v2.46 Cross-referencing by name of section

(/usr/share/texlive/texmf-dist/tex/latex/refcount/refcount.sty
Package: refcount 2019/12/15 v3.6 Data extraction from label references (HO)
)
(/usr/share/texlive/texmf-dist/tex/generic/gettitlestring/gettitlestring.sty
Package: gettitlestring 2019/12/15 v1.6 Cleanup title references (HO)
)
\c@section@level=\count322
)
LaTeX Info: Redefining \ref on input line 184.
LaTeX Info: Redefining \pageref on input line 184.
LaTeX Info: Redefining \nameref on input line 184.

(./main.out) (./main.out)
\@outlinefile=\write5
\openout5 = `main.out'.

Package lastpage Info: Please have a look at the pageslts package at
(lastpage)             https://www.ctan.org/pkg/pageslts
(lastpage)             ! on input line 184.

*geometry* driver: auto-detecting
*geometry* detected driver: pdftex
*geometry* verbose mode - [ preamble ] result:
* driver: pdftex
* paper: <default>
* layout: <same size as paper>
* layoutoffset:(h,v)=(0.0pt,0.0pt)
* modes: 
* h-part:(L,W,R)=(56.9055pt, 500.484pt, 56.9055pt)
* v-part:(T,H,B)=(113.81102pt, 585.7616pt, 95.39737pt)
* \paperwidth=614.295pt
* \paperheight=794.96999pt
* \textwidth=500.484pt
* \textheight=585.7616pt
* \oddsidemargin=-15.36449pt
* \evensidemargin=-15.36449pt
* \topmargin=-48.45897pt
* \headheight=26.0pt
* \headsep=25.0pt
* \topskip=10.0pt
* \footskip=65.0pt
* \marginparwidth=65.0pt
* \marginparsep=11.0pt
* \columnsep=10.0pt
* \skip\footins=9.0pt plus 4.0pt minus 2.0pt
* \hoffset=0.0pt
* \voffset=0.0pt
* \mag=1000
* \@twocolumnfalse
* \@twosidefalse
* \@mparswitchfalse
* \@reversemarginfalse
* (1in=72.27pt=25.4mm, 1cm=28.453pt)

<pst_header.png, id=65, 827.4915pt x 183.3249pt>
File: pst_header.png Graphic file (type png)
<use pst_header.png>
Package pdftex.def Info: pst_header.png  used on input line 186.
(pdftex.def)             Requested size: 85.35826pt x 18.9098pt.

Overfull \hbox (5.70631pt too wide) has occurred while \output is active
[]|$[]$| 
 []


Underfull \hbox (badness 10000) has occurred while \output is active
[]|\OT1/cmr/m/n/5 Sparkasse
 []


Overfull \hbox (1.5577pt too wide) has occurred while \output is active
[]|\OT1/cmr/m/n/5 161/100/04145| 
 []


Overfull \hbox (4.69267pt too wide) has occurred while \output is active
[]|\OT1/cmr/m/n/5 +49(0)3641/8761070| 
 []


Underfull \hbox (badness 5667) has occurred while \output is active
[]|\OT1/cmr/m/n/5 Frauentorstra^^Ye 3
 []


Underfull \hbox (badness 10000) has occurred while \output is active
[]|$[]$
 []


Underfull \hbox (badness 10000) has occurred while \output is active
[]|\OT1/cmr/m/n/5 Account
 []


Underfull \hbox (badness 10000) has occurred while \output is active
\OT1/cmr/m/n/5 31062 BLZ
 []


Underfull \hbox (badness 6775) has occurred while \output is active
[]|\OT1/cmr/m/n/5 Ust-IdNr DE
 []


Underfull \hbox (badness 10000) has occurred while \output is active
[]|$[]$ \OT1/cmr/m/n/5 +49(0)
 []


Underfull \hbox (badness 10000) has occurred while \output is active
[]|$[]$
 []

<red_triangle.png, id=68, 53.2389pt x 54.2025pt>
File: red_triangle.png Graphic file (type png)
<use red_triangle.png>
Package pdftex.def Info: red_triangle.png  used on input line 186.
(pdftex.def)             Requested size: 28.45274pt x 28.96785pt.
[1

\openout3 = `main.ist'.

{/var/lib/texmf/fonts/map/pdftex/updmap/pdftex.map} <./pst_header.png> <./red_t
riangle.png>] (./main.toc)
\tf@toc=\write6
\openout6 = `main.toc'.

 [2

]
\openout2 = `section1.aux'.

 (./section1.tex
File: pst_header.png Graphic file (type png)
<use pst_header.png>
Package pdftex.def Info: pst_header.png  used on input line 15.
(pdftex.def)             Requested size: 85.35826pt x 18.9098pt.

Overfull \hbox (5.70631pt too wide) has occurred while \output is active
[]|$[]$| 
 []


Underfull \hbox (badness 10000) has occurred while \output is active
[]|\OT1/cmr/m/n/5 Sparkasse
 []


Overfull \hbox (1.5577pt too wide) has occurred while \output is active
[]|\OT1/cmr/m/n/5 161/100/04145| 
 []


Overfull \hbox (4.69267pt too wide) has occurred while \output is active
[]|\OT1/cmr/m/n/5 +49(0)3641/8761070| 
 []


Underfull \hbox (badness 5667) has occurred while \output is active
[]|\OT1/cmr/m/n/5 Frauentorstra^^Ye 3
 []


Underfull \hbox (badness 10000) has occurred while \output is active
[]|$[]$
 []


Underfull \hbox (badness 10000) has occurred while \output is active
[]|\OT1/cmr/m/n/5 Account
 []


Underfull \hbox (badness 10000) has occurred while \output is active
\OT1/cmr/m/n/5 31062 BLZ
 []


Underfull \hbox (badness 6775) has occurred while \output is active
[]|\OT1/cmr/m/n/5 Ust-IdNr DE
 []


Underfull \hbox (badness 10000) has occurred while \output is active
[]|$[]$ \OT1/cmr/m/n/5 +49(0)
 []


Underfull \hbox (badness 10000) has occurred while \output is active
[]|$[]$
 []

File: red_triangle.png Graphic file (type png)
<use red_triangle.png>
Package pdftex.def Info: red_triangle.png  used on input line 15.
(pdftex.def)             Requested size: 28.45274pt x 28.96785pt.
[3

]
File: pst_header.png Graphic file (type png)
<use pst_header.png>
Package pdftex.def Info: pst_header.png  used on input line 42.
(pdftex.def)             Requested size: 85.35826pt x 18.9098pt.

Overfull \hbox (5.70631pt too wide) has occurred while \output is active
[]|$[]$| 
 []


Underfull \hbox (badness 10000) has occurred while \output is active
[]|\OT1/cmr/m/n/5 Sparkasse
 []


Overfull \hbox (1.5577pt too wide) has occurred while \output is active
[]|\OT1/cmr/m/n/5 161/100/04145| 
 []


Overfull \hbox (4.69267pt too wide) has occurred while \output is active
[]|\OT1/cmr/m/n/5 +49(0)3641/8761070| 
 []


Underfull \hbox (badness 5667) has occurred while \output is active
[]|\OT1/cmr/m/n/5 Frauentorstra^^Ye 3
 []


Underfull \hbox (badness 10000) has occurred while \output is active
[]|$[]$
 []


Underfull \hbox (badness 10000) has occurred while \output is active
[]|\OT1/cmr/m/n/5 Account
 []


Underfull \hbox (badness 10000) has occurred while \output is active
\OT1/cmr/m/n/5 31062 BLZ
 []


Underfull \hbox (badness 6775) has occurred while \output is active
[]|\OT1/cmr/m/n/5 Ust-IdNr DE
 []


Underfull \hbox (badness 10000) has occurred while \output is active
[]|$[]$ \OT1/cmr/m/n/5 +49(0)
 []


Underfull \hbox (badness 10000) has occurred while \output is active
[]|$[]$
 []

File: red_triangle.png Graphic file (type png)
<use red_triangle.png>
Package pdftex.def Info: red_triangle.png  used on input line 42.
(pdftex.def)             Requested size: 28.45274pt x 28.96785pt.
[4]
<images/image1.png, id=132, 651.93562pt x 435.12563pt>
File: images/image1.png Graphic file (type png)
<use images/image1.png>
Package pdftex.def Info: images/image1.png  used on input line 73.
(pdftex.def)             Requested size: 325.96701pt x 217.56227pt.
File: pst_header.png Graphic file (type png)
<use pst_header.png>
Package pdftex.def Info: pst_header.png  used on input line 82.
(pdftex.def)             Requested size: 85.35826pt x 18.9098pt.

Overfull \hbox (5.70631pt too wide) has occurred while \output is active
[]|$[]$| 
 []


Underfull \hbox (badness 10000) has occurred while \output is active
[]|\OT1/cmr/m/n/5 Sparkasse
 []


Overfull \hbox (1.5577pt too wide) has occurred while \output is active
[]|\OT1/cmr/m/n/5 161/100/04145| 
 []


Overfull \hbox (4.69267pt too wide) has occurred while \output is active
[]|\OT1/cmr/m/n/5 +49(0)3641/8761070| 
 []


Underfull \hbox (badness 5667) has occurred while \output is active
[]|\OT1/cmr/m/n/5 Frauentorstra^^Ye 3
 []


Underfull \hbox (badness 10000) has occurred while \output is active
[]|$[]$
 []


Underfull \hbox (badness 10000) has occurred while \output is active
[]|\OT1/cmr/m/n/5 Account
 []


Underfull \hbox (badness 10000) has occurred while \output is active
\OT1/cmr/m/n/5 31062 BLZ
 []


Underfull \hbox (badness 6775) has occurred while \output is active
[]|\OT1/cmr/m/n/5 Ust-IdNr DE
 []


Underfull \hbox (badness 10000) has occurred while \output is active
[]|$[]$ \OT1/cmr/m/n/5 +49(0)
 []


Underfull \hbox (badness 10000) has occurred while \output is active
[]|$[]$
 []

File: red_triangle.png Graphic file (type png)
<use red_triangle.png>
Package pdftex.def Info: red_triangle.png  used on input line 82.
(pdftex.def)             Requested size: 28.45274pt x 28.96785pt.
[5]
File: pst_header.png Graphic file (type png)
<use pst_header.png>
Package pdftex.def Info: pst_header.png  used on input line 101.
(pdftex.def)             Requested size: 85.35826pt x 18.9098pt.

Overfull \hbox (5.70631pt too wide) has occurred while \output is active
[]|$[]$| 
 []


Underfull \hbox (badness 10000) has occurred while \output is active
[]|\OT1/cmr/m/n/5 Sparkasse
 []


Overfull \hbox (1.5577pt too wide) has occurred while \output is active
[]|\OT1/cmr/m/n/5 161/100/04145| 
 []


Overfull \hbox (4.69267pt too wide) has occurred while \output is active
[]|\OT1/cmr/m/n/5 +49(0)3641/8761070| 
 []


Underfull \hbox (badness 5667) has occurred while \output is active
[]|\OT1/cmr/m/n/5 Frauentorstra^^Ye 3
 []


Underfull \hbox (badness 10000) has occurred while \output is active
[]|$[]$
 []


Underfull \hbox (badness 10000) has occurred while \output is active
[]|\OT1/cmr/m/n/5 Account
 []


Underfull \hbox (badness 10000) has occurred while \output is active
\OT1/cmr/m/n/5 31062 BLZ
 []


Underfull \hbox (badness 6775) has occurred while \output is active
[]|\OT1/cmr/m/n/5 Ust-IdNr DE
 []


Underfull \hbox (badness 10000) has occurred while \output is active
[]|$[]$ \OT1/cmr/m/n/5 +49(0)
 []


Underfull \hbox (badness 10000) has occurred while \output is active
[]|$[]$
 []

File: red_triangle.png Graphic file (type png)
<use red_triangle.png>
Package pdftex.def Info: red_triangle.png  used on input line 101.
(pdftex.def)             Requested size: 28.45274pt x 28.96785pt.
[6 <./images/image1.png (PNG copy)>]
<images/owners.png, id=158, 679.53876pt x 647.41875pt>
File: images/owners.png Graphic file (type png)
<use images/owners.png>
Package pdftex.def Info: images/owners.png  used on input line 111.
(pdftex.def)             Requested size: 339.76855pt x 323.70857pt.
<images/algorithm.png, id=160, 1445.4pt x 813.0375pt>
File: images/algorithm.png Graphic file (type png)
<use images/algorithm.png>
Package pdftex.def Info: images/algorithm.png  used on input line 123.
(pdftex.def)             Requested size: 578.14977pt x 325.20924pt.


LaTeX Warning: Float too large for page by 16.33261pt on input line 125.

File: pst_header.png Graphic file (type png)
<use pst_header.png>
Package pdftex.def Info: pst_header.png  used on input line 132.
(pdftex.def)             Requested size: 85.35826pt x 18.9098pt.

Overfull \hbox (5.70631pt too wide) has occurred while \output is active
[]|$[]$| 
 []


Underfull \hbox (badness 10000) has occurred while \output is active
[]|\OT1/cmr/m/n/5 Sparkasse
 []


Overfull \hbox (1.5577pt too wide) has occurred while \output is active
[]|\OT1/cmr/m/n/5 161/100/04145| 
 []


Overfull \hbox (4.69267pt too wide) has occurred while \output is active
[]|\OT1/cmr/m/n/5 +49(0)3641/8761070| 
 []


Underfull \hbox (badness 5667) has occurred while \output is active
[]|\OT1/cmr/m/n/5 Frauentorstra^^Ye 3
 []


Underfull \hbox (badness 10000) has occurred while \output is active
[]|$[]$
 []


Underfull \hbox (badness 10000) has occurred while \output is active
[]|\OT1/cmr/m/n/5 Account
 []


Underfull \hbox (badness 10000) has occurred while \output is active
\OT1/cmr/m/n/5 31062 BLZ
 []


Underfull \hbox (badness 6775) has occurred while \output is active
[]|\OT1/cmr/m/n/5 Ust-IdNr DE
 []


Underfull \hbox (badness 10000) has occurred while \output is active
[]|$[]$ \OT1/cmr/m/n/5 +49(0)
 []


Underfull \hbox (badness 10000) has occurred while \output is active
[]|$[]$
 []

File: red_triangle.png Graphic file (type png)
<use red_triangle.png>
Package pdftex.def Info: red_triangle.png  used on input line 132.
(pdftex.def)             Requested size: 28.45274pt x 28.96785pt.
[7]
File: pst_header.png Graphic file (type png)
<use pst_header.png>
Package pdftex.def Info: pst_header.png  used on input line 132.
(pdftex.def)             Requested size: 85.35826pt x 18.9098pt.

Overfull \hbox (5.70631pt too wide) has occurred while \output is active
[]|$[]$| 
 []


Underfull \hbox (badness 10000) has occurred while \output is active
[]|\OT1/cmr/m/n/5 Sparkasse
 []


Overfull \hbox (1.5577pt too wide) has occurred while \output is active
[]|\OT1/cmr/m/n/5 161/100/04145| 
 []


Overfull \hbox (4.69267pt too wide) has occurred while \output is active
[]|\OT1/cmr/m/n/5 +49(0)3641/8761070| 
 []


Underfull \hbox (badness 5667) has occurred while \output is active
[]|\OT1/cmr/m/n/5 Frauentorstra^^Ye 3
 []


Underfull \hbox (badness 10000) has occurred while \output is active
[]|$[]$
 []


Underfull \hbox (badness 10000) has occurred while \output is active
[]|\OT1/cmr/m/n/5 Account
 []


Underfull \hbox (badness 10000) has occurred while \output is active
\OT1/cmr/m/n/5 31062 BLZ
 []


Underfull \hbox (badness 6775) has occurred while \output is active
[]|\OT1/cmr/m/n/5 Ust-IdNr DE
 []


Underfull \hbox (badness 10000) has occurred while \output is active
[]|$[]$ \OT1/cmr/m/n/5 +49(0)
 []


Underfull \hbox (badness 10000) has occurred while \output is active
[]|$[]$
 []

File: red_triangle.png Graphic file (type png)
<use red_triangle.png>
Package pdftex.def Info: red_triangle.png  used on input line 132.
(pdftex.def)             Requested size: 28.45274pt x 28.96785pt.
[8 <./images/owners.png>]
File: pst_header.png Graphic file (type png)
<use pst_header.png>
Package pdftex.def Info: pst_header.png  used on input line 132.
(pdftex.def)             Requested size: 85.35826pt x 18.9098pt.

Overfull \hbox (5.70631pt too wide) has occurred while \output is active
[]|$[]$| 
 []


Underfull \hbox (badness 10000) has occurred while \output is active
[]|\OT1/cmr/m/n/5 Sparkasse
 []


Overfull \hbox (1.5577pt too wide) has occurred while \output is active
[]|\OT1/cmr/m/n/5 161/100/04145| 
 []


Overfull \hbox (4.69267pt too wide) has occurred while \output is active
[]|\OT1/cmr/m/n/5 +49(0)3641/8761070| 
 []


Underfull \hbox (badness 5667) has occurred while \output is active
[]|\OT1/cmr/m/n/5 Frauentorstra^^Ye 3
 []


Underfull \hbox (badness 10000) has occurred while \output is active
[]|$[]$
 []


Underfull \hbox (badness 10000) has occurred while \output is active
[]|\OT1/cmr/m/n/5 Account
 []


Underfull \hbox (badness 10000) has occurred while \output is active
\OT1/cmr/m/n/5 31062 BLZ
 []


Underfull \hbox (badness 6775) has occurred while \output is active
[]|\OT1/cmr/m/n/5 Ust-IdNr DE
 []


Underfull \hbox (badness 10000) has occurred while \output is active
[]|$[]$ \OT1/cmr/m/n/5 +49(0)
 []


Underfull \hbox (badness 10000) has occurred while \output is active
[]|$[]$
 []

File: red_triangle.png Graphic file (type png)
<use red_triangle.png>
Package pdftex.def Info: red_triangle.png  used on input line 132.
(pdftex.def)             Requested size: 28.45274pt x 28.96785pt.
[9 <./images/algorithm.png>]
<images/stack.png, id=185, 617.30624pt x 524.71031pt>
File: images/stack.png Graphic file (type png)
<use images/stack.png>
Package pdftex.def Info: images/stack.png  used on input line 135.
(pdftex.def)             Requested size: 308.65236pt x 262.3545pt.

Overfull \hbox (33.07558pt too wide) in paragraph at lines 139--140
\OT1/cmr/m/n/10 Query [][]7[][] must be ap-plied re-cur-sively ev-ery time it f
in-ishes, if new own-ers were pre-vi-ously added to \OT1/cmtt/m/n/10 ofac[]owne
rship[]relation
 []

<images/arangoperformance.png, id=191, 1245.9047pt x 656.4525pt>
File: images/arangoperformance.png Graphic file (type png)
<use images/arangoperformance.png>
Package pdftex.def Info: images/arangoperformance.png  used on input line 146.
(pdftex.def)             Requested size: 436.07318pt x 229.76181pt.
<images/frequency1.png, id=194, 1445.4pt x 813.0375pt>
File: images/frequency1.png Graphic file (type png)
<use images/frequency1.png>
Package pdftex.def Info: images/frequency1.png  used on input line 155.
(pdftex.def)             Requested size: 433.62335pt x 243.91313pt.
File: pst_header.png Graphic file (type png)
<use pst_header.png>
Package pdftex.def Info: pst_header.png  used on input line 163.
(pdftex.def)             Requested size: 85.35826pt x 18.9098pt.

Overfull \hbox (5.70631pt too wide) has occurred while \output is active
[]|$[]$| 
 []


Underfull \hbox (badness 10000) has occurred while \output is active
[]|\OT1/cmr/m/n/5 Sparkasse
 []


Overfull \hbox (1.5577pt too wide) has occurred while \output is active
[]|\OT1/cmr/m/n/5 161/100/04145| 
 []


Overfull \hbox (4.69267pt too wide) has occurred while \output is active
[]|\OT1/cmr/m/n/5 +49(0)3641/8761070| 
 []


Underfull \hbox (badness 5667) has occurred while \output is active
[]|\OT1/cmr/m/n/5 Frauentorstra^^Ye 3
 []


Underfull \hbox (badness 10000) has occurred while \output is active
[]|$[]$
 []


Underfull \hbox (badness 10000) has occurred while \output is active
[]|\OT1/cmr/m/n/5 Account
 []


Underfull \hbox (badness 10000) has occurred while \output is active
\OT1/cmr/m/n/5 31062 BLZ
 []


Underfull \hbox (badness 6775) has occurred while \output is active
[]|\OT1/cmr/m/n/5 Ust-IdNr DE
 []


Underfull \hbox (badness 10000) has occurred while \output is active
[]|$[]$ \OT1/cmr/m/n/5 +49(0)
 []


Underfull \hbox (badness 10000) has occurred while \output is active
[]|$[]$
 []

File: red_triangle.png Graphic file (type png)
<use red_triangle.png>
Package pdftex.def Info: red_triangle.png  used on input line 163.
(pdftex.def)             Requested size: 28.45274pt x 28.96785pt.
[10 <./images/stack.png>]
File: pst_header.png Graphic file (type png)
<use pst_header.png>
Package pdftex.def Info: pst_header.png  used on input line 163.
(pdftex.def)             Requested size: 85.35826pt x 18.9098pt.

Overfull \hbox (5.70631pt too wide) has occurred while \output is active
[]|$[]$| 
 []


Underfull \hbox (badness 10000) has occurred while \output is active
[]|\OT1/cmr/m/n/5 Sparkasse
 []


Overfull \hbox (1.5577pt too wide) has occurred while \output is active
[]|\OT1/cmr/m/n/5 161/100/04145| 
 []


Overfull \hbox (4.69267pt too wide) has occurred while \output is active
[]|\OT1/cmr/m/n/5 +49(0)3641/8761070| 
 []


Underfull \hbox (badness 5667) has occurred while \output is active
[]|\OT1/cmr/m/n/5 Frauentorstra^^Ye 3
 []


Underfull \hbox (badness 10000) has occurred while \output is active
[]|$[]$
 []


Underfull \hbox (badness 10000) has occurred while \output is active
[]|\OT1/cmr/m/n/5 Account
 []


Underfull \hbox (badness 10000) has occurred while \output is active
\OT1/cmr/m/n/5 31062 BLZ
 []


Underfull \hbox (badness 6775) has occurred while \output is active
[]|\OT1/cmr/m/n/5 Ust-IdNr DE
 []


Underfull \hbox (badness 10000) has occurred while \output is active
[]|$[]$ \OT1/cmr/m/n/5 +49(0)
 []


Underfull \hbox (badness 10000) has occurred while \output is active
[]|$[]$
 []

File: red_triangle.png Graphic file (type png)
<use red_triangle.png>
Package pdftex.def Info: red_triangle.png  used on input line 163.
(pdftex.def)             Requested size: 28.45274pt x 28.96785pt.
[11 <./images/arangoperformance.png> <./images/frequency1.png (PNG copy)>]
File: pst_header.png Graphic file (type png)
<use pst_header.png>
Package pdftex.def Info: pst_header.png  used on input line 191.
(pdftex.def)             Requested size: 85.35826pt x 18.9098pt.

Overfull \hbox (5.70631pt too wide) has occurred while \output is active
[]|$[]$| 
 []


Underfull \hbox (badness 10000) has occurred while \output is active
[]|\OT1/cmr/m/n/5 Sparkasse
 []


Overfull \hbox (1.5577pt too wide) has occurred while \output is active
[]|\OT1/cmr/m/n/5 161/100/04145| 
 []


Overfull \hbox (4.69267pt too wide) has occurred while \output is active
[]|\OT1/cmr/m/n/5 +49(0)3641/8761070| 
 []


Underfull \hbox (badness 5667) has occurred while \output is active
[]|\OT1/cmr/m/n/5 Frauentorstra^^Ye 3
 []


Underfull \hbox (badness 10000) has occurred while \output is active
[]|$[]$
 []


Underfull \hbox (badness 10000) has occurred while \output is active
[]|\OT1/cmr/m/n/5 Account
 []


Underfull \hbox (badness 10000) has occurred while \output is active
\OT1/cmr/m/n/5 31062 BLZ
 []


Underfull \hbox (badness 6775) has occurred while \output is active
[]|\OT1/cmr/m/n/5 Ust-IdNr DE
 []


Underfull \hbox (badness 10000) has occurred while \output is active
[]|$[]$ \OT1/cmr/m/n/5 +49(0)
 []


Underfull \hbox (badness 10000) has occurred while \output is active
[]|$[]$
 []

File: red_triangle.png Graphic file (type png)
<use red_triangle.png>
Package pdftex.def Info: red_triangle.png  used on input line 191.
(pdftex.def)             Requested size: 28.45274pt x 28.96785pt.
[12]
<images/aggregation.png, id=231, 1445.4pt x 813.0375pt>
File: images/aggregation.png Graphic file (type png)
<use images/aggregation.png>
Package pdftex.def Info: images/aggregation.png  used on input line 199.
(pdftex.def)             Requested size: 578.14977pt x 325.20924pt.

Overfull \hbox (77.66577pt too wide) in paragraph at lines 199--200
 [][] 
 []


Overfull \hbox (43.4265pt too wide) in paragraph at lines 218--220
\OT1/cmr/m/n/10 lec-tion. It con-sists of two in-ter-nal iden-ti-fiers for Aran
goDB (lines 2 and 3), two iden-ti-fiers pro-vided by \OT1/cmtt/m/n/10 egrul[]da
ta[]collection\OT1/cmr/m/n/10 ,
 []

File: pst_header.png Graphic file (type png)
<use pst_header.png>
Package pdftex.def Info: pst_header.png  used on input line 220.
(pdftex.def)             Requested size: 85.35826pt x 18.9098pt.

Overfull \hbox (5.70631pt too wide) has occurred while \output is active
[]|$[]$| 
 []


Underfull \hbox (badness 10000) has occurred while \output is active
[]|\OT1/cmr/m/n/5 Sparkasse
 []


Overfull \hbox (1.5577pt too wide) has occurred while \output is active
[]|\OT1/cmr/m/n/5 161/100/04145| 
 []


Overfull \hbox (4.69267pt too wide) has occurred while \output is active
[]|\OT1/cmr/m/n/5 +49(0)3641/8761070| 
 []


Underfull \hbox (badness 5667) has occurred while \output is active
[]|\OT1/cmr/m/n/5 Frauentorstra^^Ye 3
 []


Underfull \hbox (badness 10000) has occurred while \output is active
[]|$[]$
 []


Underfull \hbox (badness 10000) has occurred while \output is active
[]|\OT1/cmr/m/n/5 Account
 []


Underfull \hbox (badness 10000) has occurred while \output is active
\OT1/cmr/m/n/5 31062 BLZ
 []


Underfull \hbox (badness 6775) has occurred while \output is active
[]|\OT1/cmr/m/n/5 Ust-IdNr DE
 []


Underfull \hbox (badness 10000) has occurred while \output is active
[]|$[]$ \OT1/cmr/m/n/5 +49(0)
 []


Underfull \hbox (badness 10000) has occurred while \output is active
[]|$[]$
 []

File: red_triangle.png Graphic file (type png)
<use red_triangle.png>
Package pdftex.def Info: red_triangle.png  used on input line 220.
(pdftex.def)             Requested size: 28.45274pt x 28.96785pt.
[13]
File: pst_header.png Graphic file (type png)
<use pst_header.png>
Package pdftex.def Info: pst_header.png  used on input line 220.
(pdftex.def)             Requested size: 85.35826pt x 18.9098pt.

Overfull \hbox (5.70631pt too wide) has occurred while \output is active
[]|$[]$| 
 []


Underfull \hbox (badness 10000) has occurred while \output is active
[]|\OT1/cmr/m/n/5 Sparkasse
 []


Overfull \hbox (1.5577pt too wide) has occurred while \output is active
[]|\OT1/cmr/m/n/5 161/100/04145| 
 []


Overfull \hbox (4.69267pt too wide) has occurred while \output is active
[]|\OT1/cmr/m/n/5 +49(0)3641/8761070| 
 []


Underfull \hbox (badness 5667) has occurred while \output is active
[]|\OT1/cmr/m/n/5 Frauentorstra^^Ye 3
 []


Underfull \hbox (badness 10000) has occurred while \output is active
[]|$[]$
 []


Underfull \hbox (badness 10000) has occurred while \output is active
[]|\OT1/cmr/m/n/5 Account
 []


Underfull \hbox (badness 10000) has occurred while \output is active
\OT1/cmr/m/n/5 31062 BLZ
 []


Underfull \hbox (badness 6775) has occurred while \output is active
[]|\OT1/cmr/m/n/5 Ust-IdNr DE
 []


Underfull \hbox (badness 10000) has occurred while \output is active
[]|$[]$ \OT1/cmr/m/n/5 +49(0)
 []


Underfull \hbox (badness 10000) has occurred while \output is active
[]|$[]$
 []

File: red_triangle.png Graphic file (type png)
<use red_triangle.png>
Package pdftex.def Info: red_triangle.png  used on input line 220.
(pdftex.def)             Requested size: 28.45274pt x 28.96785pt.
[14 <./images/aggregation.png (PNG copy)>]
LaTeX Font Info:    Trying to load font information for OMS+cmtt on input line 
222.

(/usr/share/texmf/tex/latex/R/tex/latex/omscmtt.fd
File: omscmtt.fd 
)
LaTeX Font Info:    Font shape `OMS/cmtt/m/n' in size <10> not available
(Font)              Font shape `OMS/cmsy/m/n' tried instead on input line 222.
File: pst_header.png Graphic file (type png)
<use pst_header.png>
Package pdftex.def Info: pst_header.png  used on input line 247.
(pdftex.def)             Requested size: 85.35826pt x 18.9098pt.

Overfull \hbox (5.70631pt too wide) has occurred while \output is active
[]|$[]$| 
 []


Underfull \hbox (badness 10000) has occurred while \output is active
[]|\OT1/cmr/m/n/5 Sparkasse
 []


Overfull \hbox (1.5577pt too wide) has occurred while \output is active
[]|\OT1/cmr/m/n/5 161/100/04145| 
 []


Overfull \hbox (4.69267pt too wide) has occurred while \output is active
[]|\OT1/cmr/m/n/5 +49(0)3641/8761070| 
 []


Underfull \hbox (badness 5667) has occurred while \output is active
[]|\OT1/cmr/m/n/5 Frauentorstra^^Ye 3
 []


Underfull \hbox (badness 10000) has occurred while \output is active
[]|$[]$
 []


Underfull \hbox (badness 10000) has occurred while \output is active
[]|\OT1/cmr/m/n/5 Account
 []


Underfull \hbox (badness 10000) has occurred while \output is active
\OT1/cmr/m/n/5 31062 BLZ
 []


Underfull \hbox (badness 6775) has occurred while \output is active
[]|\OT1/cmr/m/n/5 Ust-IdNr DE
 []


Underfull \hbox (badness 10000) has occurred while \output is active
[]|$[]$ \OT1/cmr/m/n/5 +49(0)
 []


Underfull \hbox (badness 10000) has occurred while \output is active
[]|$[]$
 []

File: red_triangle.png Graphic file (type png)
<use red_triangle.png>
Package pdftex.def Info: red_triangle.png  used on input line 247.
(pdftex.def)             Requested size: 28.45274pt x 28.96785pt.
[15]
<images/wcs3.png, id=276, 607.26875pt x 341.275pt>
File: images/wcs3.png Graphic file (type png)
<use images/wcs3.png>
Package pdftex.def Info: images/wcs3.png  used on input line 255.
(pdftex.def)             Requested size: 333.99884pt x 187.70181pt.
File: pst_header.png Graphic file (type png)
<use pst_header.png>
Package pdftex.def Info: pst_header.png  used on input line 260.
(pdftex.def)             Requested size: 85.35826pt x 18.9098pt.

Overfull \hbox (5.70631pt too wide) has occurred while \output is active
[]|$[]$| 
 []


Underfull \hbox (badness 10000) has occurred while \output is active
[]|\OT1/cmr/m/n/5 Sparkasse
 []


Overfull \hbox (1.5577pt too wide) has occurred while \output is active
[]|\OT1/cmr/m/n/5 161/100/04145| 
 []


Overfull \hbox (4.69267pt too wide) has occurred while \output is active
[]|\OT1/cmr/m/n/5 +49(0)3641/8761070| 
 []


Underfull \hbox (badness 5667) has occurred while \output is active
[]|\OT1/cmr/m/n/5 Frauentorstra^^Ye 3
 []


Underfull \hbox (badness 10000) has occurred while \output is active
[]|$[]$
 []


Underfull \hbox (badness 10000) has occurred while \output is active
[]|\OT1/cmr/m/n/5 Account
 []


Underfull \hbox (badness 10000) has occurred while \output is active
\OT1/cmr/m/n/5 31062 BLZ
 []


Underfull \hbox (badness 6775) has occurred while \output is active
[]|\OT1/cmr/m/n/5 Ust-IdNr DE
 []


Underfull \hbox (badness 10000) has occurred while \output is active
[]|$[]$ \OT1/cmr/m/n/5 +49(0)
 []


Underfull \hbox (badness 10000) has occurred while \output is active
[]|$[]$
 []

File: red_triangle.png Graphic file (type png)
<use red_triangle.png>
Package pdftex.def Info: red_triangle.png  used on input line 260.
(pdftex.def)             Requested size: 28.45274pt x 28.96785pt.
[16 <./images/wcs3.png>]
<images/wcs_graph.png, id=286, 1445.4pt x 813.0375pt>
File: images/wcs_graph.png Graphic file (type png)
<use images/wcs_graph.png>
Package pdftex.def Info: images/wcs_graph.png  used on input line 264.
(pdftex.def)             Requested size: 650.424pt x 365.8635pt.


LaTeX Warning: Float too large for page by 3.24858pt on input line 267.

)
File: pst_header.png Graphic file (type png)
<use pst_header.png>
Package pdftex.def Info: pst_header.png  used on input line 187.
(pdftex.def)             Requested size: 85.35826pt x 18.9098pt.

Overfull \hbox (5.70631pt too wide) has occurred while \output is active
[]|$[]$| 
 []


Underfull \hbox (badness 10000) has occurred while \output is active
[]|\OT1/cmr/m/n/5 Sparkasse
 []


Overfull \hbox (1.5577pt too wide) has occurred while \output is active
[]|\OT1/cmr/m/n/5 161/100/04145| 
 []


Overfull \hbox (4.69267pt too wide) has occurred while \output is active
[]|\OT1/cmr/m/n/5 +49(0)3641/8761070| 
 []


Underfull \hbox (badness 5667) has occurred while \output is active
[]|\OT1/cmr/m/n/5 Frauentorstra^^Ye 3
 []


Underfull \hbox (badness 10000) has occurred while \output is active
[]|$[]$
 []


Underfull \hbox (badness 10000) has occurred while \output is active
[]|\OT1/cmr/m/n/5 Account
 []


Underfull \hbox (badness 10000) has occurred while \output is active
\OT1/cmr/m/n/5 31062 BLZ
 []


Underfull \hbox (badness 6775) has occurred while \output is active
[]|\OT1/cmr/m/n/5 Ust-IdNr DE
 []


Underfull \hbox (badness 10000) has occurred while \output is active
[]|$[]$ \OT1/cmr/m/n/5 +49(0)
 []


Underfull \hbox (badness 10000) has occurred while \output is active
[]|$[]$
 []

File: red_triangle.png Graphic file (type png)
<use red_triangle.png>
Package pdftex.def Info: red_triangle.png  used on input line 187.
(pdftex.def)             Requested size: 28.45274pt x 28.96785pt.
[17]
File: pst_header.png Graphic file (type png)
<use pst_header.png>
Package pdftex.def Info: pst_header.png  used on input line 187.
(pdftex.def)             Requested size: 85.35826pt x 18.9098pt.

Overfull \hbox (5.70631pt too wide) has occurred while \output is active
[]|$[]$| 
 []


Underfull \hbox (badness 10000) has occurred while \output is active
[]|\OT1/cmr/m/n/5 Sparkasse
 []


Overfull \hbox (1.5577pt too wide) has occurred while \output is active
[]|\OT1/cmr/m/n/5 161/100/04145| 
 []


Overfull \hbox (4.69267pt too wide) has occurred while \output is active
[]|\OT1/cmr/m/n/5 +49(0)3641/8761070| 
 []


Underfull \hbox (badness 5667) has occurred while \output is active
[]|\OT1/cmr/m/n/5 Frauentorstra^^Ye 3
 []


Underfull \hbox (badness 10000) has occurred while \output is active
[]|$[]$
 []


Underfull \hbox (badness 10000) has occurred while \output is active
[]|\OT1/cmr/m/n/5 Account
 []


Underfull \hbox (badness 10000) has occurred while \output is active
\OT1/cmr/m/n/5 31062 BLZ
 []


Underfull \hbox (badness 6775) has occurred while \output is active
[]|\OT1/cmr/m/n/5 Ust-IdNr DE
 []


Underfull \hbox (badness 10000) has occurred while \output is active
[]|$[]$ \OT1/cmr/m/n/5 +49(0)
 []


Underfull \hbox (badness 10000) has occurred while \output is active
[]|$[]$
 []

File: red_triangle.png Graphic file (type png)
<use red_triangle.png>
Package pdftex.def Info: red_triangle.png  used on input line 187.
(pdftex.def)             Requested size: 28.45274pt x 28.96785pt.
[18 <./images/wcs_graph.png (PNG copy)>]
Appendix A.
(./queries.tex [19


]
File: pst_header.png Graphic file (type png)
<use pst_header.png>
Package pdftex.def Info: pst_header.png  used on input line 102.
(pdftex.def)             Requested size: 85.35826pt x 18.9098pt.

Overfull \hbox (5.70631pt too wide) has occurred while \output is active
[]|$[]$| 
 []


Underfull \hbox (badness 10000) has occurred while \output is active
[]|\OT1/cmr/m/n/5 Sparkasse
 []


Overfull \hbox (1.5577pt too wide) has occurred while \output is active
[]|\OT1/cmr/m/n/5 161/100/04145| 
 []


Overfull \hbox (4.69267pt too wide) has occurred while \output is active
[]|\OT1/cmr/m/n/5 +49(0)3641/8761070| 
 []


Underfull \hbox (badness 5667) has occurred while \output is active
[]|\OT1/cmr/m/n/5 Frauentorstra^^Ye 3
 []


Underfull \hbox (badness 10000) has occurred while \output is active
[]|$[]$
 []


Underfull \hbox (badness 10000) has occurred while \output is active
[]|\OT1/cmr/m/n/5 Account
 []


Underfull \hbox (badness 10000) has occurred while \output is active
\OT1/cmr/m/n/5 31062 BLZ
 []


Underfull \hbox (badness 6775) has occurred while \output is active
[]|\OT1/cmr/m/n/5 Ust-IdNr DE
 []


Underfull \hbox (badness 10000) has occurred while \output is active
[]|$[]$ \OT1/cmr/m/n/5 +49(0)
 []


Underfull \hbox (badness 10000) has occurred while \output is active
[]|$[]$
 []

File: red_triangle.png Graphic file (type png)
<use red_triangle.png>
Package pdftex.def Info: red_triangle.png  used on input line 102.
(pdftex.def)             Requested size: 28.45274pt x 28.96785pt.
[20]
File: pst_header.png Graphic file (type png)
<use pst_header.png>
Package pdftex.def Info: pst_header.png  used on input line 170.
(pdftex.def)             Requested size: 85.35826pt x 18.9098pt.

Overfull \hbox (5.70631pt too wide) has occurred while \output is active
[]|$[]$| 
 []


Underfull \hbox (badness 10000) has occurred while \output is active
[]|\OT1/cmr/m/n/5 Sparkasse
 []


Overfull \hbox (1.5577pt too wide) has occurred while \output is active
[]|\OT1/cmr/m/n/5 161/100/04145| 
 []


Overfull \hbox (4.69267pt too wide) has occurred while \output is active
[]|\OT1/cmr/m/n/5 +49(0)3641/8761070| 
 []


Underfull \hbox (badness 5667) has occurred while \output is active
[]|\OT1/cmr/m/n/5 Frauentorstra^^Ye 3
 []


Underfull \hbox (badness 10000) has occurred while \output is active
[]|$[]$
 []


Underfull \hbox (badness 10000) has occurred while \output is active
[]|\OT1/cmr/m/n/5 Account
 []


Underfull \hbox (badness 10000) has occurred while \output is active
\OT1/cmr/m/n/5 31062 BLZ
 []


Underfull \hbox (badness 6775) has occurred while \output is active
[]|\OT1/cmr/m/n/5 Ust-IdNr DE
 []


Underfull \hbox (badness 10000) has occurred while \output is active
[]|$[]$ \OT1/cmr/m/n/5 +49(0)
 []


Underfull \hbox (badness 10000) has occurred while \output is active
[]|$[]$
 []

File: red_triangle.png Graphic file (type png)
<use red_triangle.png>
Package pdftex.def Info: red_triangle.png  used on input line 170.
(pdftex.def)             Requested size: 28.45274pt x 28.96785pt.
[21]
File: pst_header.png Graphic file (type png)
<use pst_header.png>
Package pdftex.def Info: pst_header.png  used on input line 227.
(pdftex.def)             Requested size: 85.35826pt x 18.9098pt.

Overfull \hbox (5.70631pt too wide) has occurred while \output is active
[]|$[]$| 
 []


Underfull \hbox (badness 10000) has occurred while \output is active
[]|\OT1/cmr/m/n/5 Sparkasse
 []


Overfull \hbox (1.5577pt too wide) has occurred while \output is active
[]|\OT1/cmr/m/n/5 161/100/04145| 
 []


Overfull \hbox (4.69267pt too wide) has occurred while \output is active
[]|\OT1/cmr/m/n/5 +49(0)3641/8761070| 
 []


Underfull \hbox (badness 5667) has occurred while \output is active
[]|\OT1/cmr/m/n/5 Frauentorstra^^Ye 3
 []


Underfull \hbox (badness 10000) has occurred while \output is active
[]|$[]$
 []


Underfull \hbox (badness 10000) has occurred while \output is active
[]|\OT1/cmr/m/n/5 Account
 []


Underfull \hbox (badness 10000) has occurred while \output is active
\OT1/cmr/m/n/5 31062 BLZ
 []


Underfull \hbox (badness 6775) has occurred while \output is active
[]|\OT1/cmr/m/n/5 Ust-IdNr DE
 []


Underfull \hbox (badness 10000) has occurred while \output is active
[]|$[]$ \OT1/cmr/m/n/5 +49(0)
 []


Underfull \hbox (badness 10000) has occurred while \output is active
[]|$[]$
 []

File: red_triangle.png Graphic file (type png)
<use red_triangle.png>
Package pdftex.def Info: red_triangle.png  used on input line 227.
(pdftex.def)             Requested size: 28.45274pt x 28.96785pt.
[22]
File: pst_header.png Graphic file (type png)
<use pst_header.png>
Package pdftex.def Info: pst_header.png  used on input line 285.
(pdftex.def)             Requested size: 85.35826pt x 18.9098pt.

Overfull \hbox (5.70631pt too wide) has occurred while \output is active
[]|$[]$| 
 []


Underfull \hbox (badness 10000) has occurred while \output is active
[]|\OT1/cmr/m/n/5 Sparkasse
 []


Overfull \hbox (1.5577pt too wide) has occurred while \output is active
[]|\OT1/cmr/m/n/5 161/100/04145| 
 []


Overfull \hbox (4.69267pt too wide) has occurred while \output is active
[]|\OT1/cmr/m/n/5 +49(0)3641/8761070| 
 []


Underfull \hbox (badness 5667) has occurred while \output is active
[]|\OT1/cmr/m/n/5 Frauentorstra^^Ye 3
 []


Underfull \hbox (badness 10000) has occurred while \output is active
[]|$[]$
 []


Underfull \hbox (badness 10000) has occurred while \output is active
[]|\OT1/cmr/m/n/5 Account
 []


Underfull \hbox (badness 10000) has occurred while \output is active
\OT1/cmr/m/n/5 31062 BLZ
 []


Underfull \hbox (badness 6775) has occurred while \output is active
[]|\OT1/cmr/m/n/5 Ust-IdNr DE
 []


Underfull \hbox (badness 10000) has occurred while \output is active
[]|$[]$ \OT1/cmr/m/n/5 +49(0)
 []


Underfull \hbox (badness 10000) has occurred while \output is active
[]|$[]$
 []

File: red_triangle.png Graphic file (type png)
<use red_triangle.png>
Package pdftex.def Info: red_triangle.png  used on input line 285.
(pdftex.def)             Requested size: 28.45274pt x 28.96785pt.
[23]
File: pst_header.png Graphic file (type png)
<use pst_header.png>
Package pdftex.def Info: pst_header.png  used on input line 285.
(pdftex.def)             Requested size: 85.35826pt x 18.9098pt.

Overfull \hbox (5.70631pt too wide) has occurred while \output is active
[]|$[]$| 
 []


Underfull \hbox (badness 10000) has occurred while \output is active
[]|\OT1/cmr/m/n/5 Sparkasse
 []


Overfull \hbox (1.5577pt too wide) has occurred while \output is active
[]|\OT1/cmr/m/n/5 161/100/04145| 
 []


Overfull \hbox (4.69267pt too wide) has occurred while \output is active
[]|\OT1/cmr/m/n/5 +49(0)3641/8761070| 
 []


Underfull \hbox (badness 5667) has occurred while \output is active
[]|\OT1/cmr/m/n/5 Frauentorstra^^Ye 3
 []


Underfull \hbox (badness 10000) has occurred while \output is active
[]|$[]$
 []


Underfull \hbox (badness 10000) has occurred while \output is active
[]|\OT1/cmr/m/n/5 Account
 []


Underfull \hbox (badness 10000) has occurred while \output is active
\OT1/cmr/m/n/5 31062 BLZ
 []


Underfull \hbox (badness 6775) has occurred while \output is active
[]|\OT1/cmr/m/n/5 Ust-IdNr DE
 []


Underfull \hbox (badness 10000) has occurred while \output is active
[]|$[]$ \OT1/cmr/m/n/5 +49(0)
 []


Underfull \hbox (badness 10000) has occurred while \output is active
[]|$[]$
 []

File: red_triangle.png Graphic file (type png)
<use red_triangle.png>
Package pdftex.def Info: red_triangle.png  used on input line 285.
(pdftex.def)             Requested size: 28.45274pt x 28.96785pt.
[24]
File: pst_header.png Graphic file (type png)
<use pst_header.png>
Package pdftex.def Info: pst_header.png  used on input line 347.
(pdftex.def)             Requested size: 85.35826pt x 18.9098pt.

Overfull \hbox (5.70631pt too wide) has occurred while \output is active
[]|$[]$| 
 []


Underfull \hbox (badness 10000) has occurred while \output is active
[]|\OT1/cmr/m/n/5 Sparkasse
 []


Overfull \hbox (1.5577pt too wide) has occurred while \output is active
[]|\OT1/cmr/m/n/5 161/100/04145| 
 []


Overfull \hbox (4.69267pt too wide) has occurred while \output is active
[]|\OT1/cmr/m/n/5 +49(0)3641/8761070| 
 []


Underfull \hbox (badness 5667) has occurred while \output is active
[]|\OT1/cmr/m/n/5 Frauentorstra^^Ye 3
 []


Underfull \hbox (badness 10000) has occurred while \output is active
[]|$[]$
 []


Underfull \hbox (badness 10000) has occurred while \output is active
[]|\OT1/cmr/m/n/5 Account
 []


Underfull \hbox (badness 10000) has occurred while \output is active
\OT1/cmr/m/n/5 31062 BLZ
 []


Underfull \hbox (badness 6775) has occurred while \output is active
[]|\OT1/cmr/m/n/5 Ust-IdNr DE
 []


Underfull \hbox (badness 10000) has occurred while \output is active
[]|$[]$ \OT1/cmr/m/n/5 +49(0)
 []


Underfull \hbox (badness 10000) has occurred while \output is active
[]|$[]$
 []

File: red_triangle.png Graphic file (type png)
<use red_triangle.png>
Package pdftex.def Info: red_triangle.png  used on input line 347.
(pdftex.def)             Requested size: 28.45274pt x 28.96785pt.
[25]
Overfull \hbox (2.26187pt too wide) in paragraph at lines 347--347
 []            \OT1/cmtt/m/n/10 FILTER sanction_value == null//here we grant to
 flag no flagged owned companies[] 
 []

File: pst_header.png Graphic file (type png)
<use pst_header.png>
Package pdftex.def Info: pst_header.png  used on input line 452.
(pdftex.def)             Requested size: 85.35826pt x 18.9098pt.

Overfull \hbox (5.70631pt too wide) has occurred while \output is active
[]|$[]$| 
 []


Underfull \hbox (badness 10000) has occurred while \output is active
[]|\OT1/cmr/m/n/5 Sparkasse
 []


Overfull \hbox (1.5577pt too wide) has occurred while \output is active
[]|\OT1/cmr/m/n/5 161/100/04145| 
 []


Overfull \hbox (4.69267pt too wide) has occurred while \output is active
[]|\OT1/cmr/m/n/5 +49(0)3641/8761070| 
 []


Underfull \hbox (badness 5667) has occurred while \output is active
[]|\OT1/cmr/m/n/5 Frauentorstra^^Ye 3
 []


Underfull \hbox (badness 10000) has occurred while \output is active
[]|$[]$
 []


Underfull \hbox (badness 10000) has occurred while \output is active
[]|\OT1/cmr/m/n/5 Account
 []


Underfull \hbox (badness 10000) has occurred while \output is active
\OT1/cmr/m/n/5 31062 BLZ
 []


Underfull \hbox (badness 6775) has occurred while \output is active
[]|\OT1/cmr/m/n/5 Ust-IdNr DE
 []


Underfull \hbox (badness 10000) has occurred while \output is active
[]|$[]$ \OT1/cmr/m/n/5 +49(0)
 []


Underfull \hbox (badness 10000) has occurred while \output is active
[]|$[]$
 []

File: red_triangle.png Graphic file (type png)
<use red_triangle.png>
Package pdftex.def Info: red_triangle.png  used on input line 452.
(pdftex.def)             Requested size: 28.45274pt x 28.96785pt.
[26]
File: pst_header.png Graphic file (type png)
<use pst_header.png>
Package pdftex.def Info: pst_header.png  used on input line 452.
(pdftex.def)             Requested size: 85.35826pt x 18.9098pt.

Overfull \hbox (5.70631pt too wide) has occurred while \output is active
[]|$[]$| 
 []


Underfull \hbox (badness 10000) has occurred while \output is active
[]|\OT1/cmr/m/n/5 Sparkasse
 []


Overfull \hbox (1.5577pt too wide) has occurred while \output is active
[]|\OT1/cmr/m/n/5 161/100/04145| 
 []


Overfull \hbox (4.69267pt too wide) has occurred while \output is active
[]|\OT1/cmr/m/n/5 +49(0)3641/8761070| 
 []


Underfull \hbox (badness 5667) has occurred while \output is active
[]|\OT1/cmr/m/n/5 Frauentorstra^^Ye 3
 []


Underfull \hbox (badness 10000) has occurred while \output is active
[]|$[]$
 []


Underfull \hbox (badness 10000) has occurred while \output is active
[]|\OT1/cmr/m/n/5 Account
 []


Underfull \hbox (badness 10000) has occurred while \output is active
\OT1/cmr/m/n/5 31062 BLZ
 []


Underfull \hbox (badness 6775) has occurred while \output is active
[]|\OT1/cmr/m/n/5 Ust-IdNr DE
 []


Underfull \hbox (badness 10000) has occurred while \output is active
[]|$[]$ \OT1/cmr/m/n/5 +49(0)
 []


Underfull \hbox (badness 10000) has occurred while \output is active
[]|$[]$
 []

File: red_triangle.png Graphic file (type png)
<use red_triangle.png>
Package pdftex.def Info: red_triangle.png  used on input line 452.
(pdftex.def)             Requested size: 28.45274pt x 28.96785pt.
[27]
File: pst_header.png Graphic file (type png)
<use pst_header.png>
Package pdftex.def Info: pst_header.png  used on input line 564.
(pdftex.def)             Requested size: 85.35826pt x 18.9098pt.

Overfull \hbox (5.70631pt too wide) has occurred while \output is active
[]|$[]$| 
 []


Underfull \hbox (badness 10000) has occurred while \output is active
[]|\OT1/cmr/m/n/5 Sparkasse
 []


Overfull \hbox (1.5577pt too wide) has occurred while \output is active
[]|\OT1/cmr/m/n/5 161/100/04145| 
 []


Overfull \hbox (4.69267pt too wide) has occurred while \output is active
[]|\OT1/cmr/m/n/5 +49(0)3641/8761070| 
 []


Underfull \hbox (badness 5667) has occurred while \output is active
[]|\OT1/cmr/m/n/5 Frauentorstra^^Ye 3
 []


Underfull \hbox (badness 10000) has occurred while \output is active
[]|$[]$
 []


Underfull \hbox (badness 10000) has occurred while \output is active
[]|\OT1/cmr/m/n/5 Account
 []


Underfull \hbox (badness 10000) has occurred while \output is active
\OT1/cmr/m/n/5 31062 BLZ
 []


Underfull \hbox (badness 6775) has occurred while \output is active
[]|\OT1/cmr/m/n/5 Ust-IdNr DE
 []


Underfull \hbox (badness 10000) has occurred while \output is active
[]|$[]$ \OT1/cmr/m/n/5 +49(0)
 []


Underfull \hbox (badness 10000) has occurred while \output is active
[]|$[]$
 []

File: red_triangle.png Graphic file (type png)
<use red_triangle.png>
Package pdftex.def Info: red_triangle.png  used on input line 564.
(pdftex.def)             Requested size: 28.45274pt x 28.96785pt.
[28]
File: pst_header.png Graphic file (type png)
<use pst_header.png>
Package pdftex.def Info: pst_header.png  used on input line 564.
(pdftex.def)             Requested size: 85.35826pt x 18.9098pt.

Overfull \hbox (5.70631pt too wide) has occurred while \output is active
[]|$[]$| 
 []


Underfull \hbox (badness 10000) has occurred while \output is active
[]|\OT1/cmr/m/n/5 Sparkasse
 []


Overfull \hbox (1.5577pt too wide) has occurred while \output is active
[]|\OT1/cmr/m/n/5 161/100/04145| 
 []


Overfull \hbox (4.69267pt too wide) has occurred while \output is active
[]|\OT1/cmr/m/n/5 +49(0)3641/8761070| 
 []


Underfull \hbox (badness 5667) has occurred while \output is active
[]|\OT1/cmr/m/n/5 Frauentorstra^^Ye 3
 []


Underfull \hbox (badness 10000) has occurred while \output is active
[]|$[]$
 []


Underfull \hbox (badness 10000) has occurred while \output is active
[]|\OT1/cmr/m/n/5 Account
 []


Underfull \hbox (badness 10000) has occurred while \output is active
\OT1/cmr/m/n/5 31062 BLZ
 []


Underfull \hbox (badness 6775) has occurred while \output is active
[]|\OT1/cmr/m/n/5 Ust-IdNr DE
 []


Underfull \hbox (badness 10000) has occurred while \output is active
[]|$[]$ \OT1/cmr/m/n/5 +49(0)
 []


Underfull \hbox (badness 10000) has occurred while \output is active
[]|$[]$
 []

File: red_triangle.png Graphic file (type png)
<use red_triangle.png>
Package pdftex.def Info: red_triangle.png  used on input line 564.
(pdftex.def)             Requested size: 28.45274pt x 28.96785pt.
[29])
File: pst_header.png Graphic file (type png)
<use pst_header.png>
Package pdftex.def Info: pst_header.png  used on input line 191.
(pdftex.def)             Requested size: 85.35826pt x 18.9098pt.

Overfull \hbox (5.70631pt too wide) has occurred while \output is active
[]|$[]$| 
 []


Underfull \hbox (badness 10000) has occurred while \output is active
[]|\OT1/cmr/m/n/5 Sparkasse
 []


Overfull \hbox (1.5577pt too wide) has occurred while \output is active
[]|\OT1/cmr/m/n/5 161/100/04145| 
 []


Overfull \hbox (4.69267pt too wide) has occurred while \output is active
[]|\OT1/cmr/m/n/5 +49(0)3641/8761070| 
 []


Underfull \hbox (badness 5667) has occurred while \output is active
[]|\OT1/cmr/m/n/5 Frauentorstra^^Ye 3
 []


Underfull \hbox (badness 10000) has occurred while \output is active
[]|$[]$
 []


Underfull \hbox (badness 10000) has occurred while \output is active
[]|\OT1/cmr/m/n/5 Account
 []


Underfull \hbox (badness 10000) has occurred while \output is active
\OT1/cmr/m/n/5 31062 BLZ
 []


Underfull \hbox (badness 6775) has occurred while \output is active
[]|\OT1/cmr/m/n/5 Ust-IdNr DE
 []


Underfull \hbox (badness 10000) has occurred while \output is active
[]|$[]$ \OT1/cmr/m/n/5 +49(0)
 []


Underfull \hbox (badness 10000) has occurred while \output is active
[]|$[]$
 []

File: red_triangle.png Graphic file (type png)
<use red_triangle.png>
Package pdftex.def Info: red_triangle.png  used on input line 191.
(pdftex.def)             Requested size: 28.45274pt x 28.96785pt.
[30]
Appendix B.
(./ownership_rings.tex) [31

]
Appendix C.
(./ofac_table.tex) [32

]
Appendix D.
(./wcs_table.tex) (./main.acr [33

]) 
AED: lastpage setting LastPage
[34


]
Package atveryend Info: Empty hook `BeforeClearDocument' on input line 199.
Package atveryend Info: Empty hook `AfterLastShipout' on input line 199.
 (./main.aux (./section1.aux))
Package atveryend Info: Executing hook `AtVeryEndDocument' on input line 199.
Package atveryend Info: Executing hook `AtEndAfterFileList' on input line 199.
Package rerunfilecheck Info: File `main.out' has not changed.
(rerunfilecheck)             Checksum: 7A3DF301793C476E72C9B141B351B5BE;900.


LaTeX Warning: There were multiply-defined labels.

 ) 
Here is how much of TeX's memory you used:
 14588 strings out of 481239
 217770 string characters out of 5920377
 593433 words of memory out of 5000000
 29429 multiletter control sequences out of 15000+600000
 539464 words of font info for 49 fonts, out of 8000000 for 9000
 1141 hyphenation exceptions out of 8191
 51i,22n,70p,1005b,1674s stack positions out of 5000i,500n,10000p,200000b,80000s
{/usr/share/texmf/fonts/enc/dvips/cm-super/cm-super-ts1.enc}</usr/share/texli
ve/texmf-dist/fonts/type1/public/amsfonts/cm/cmbx10.pfb></usr/share/texlive/tex
mf-dist/fonts/type1/public/amsfonts/cm/cmbx12.pfb></usr/share/texlive/texmf-dis
t/fonts/type1/public/amsfonts/cm/cmex10.pfb></usr/share/texlive/texmf-dist/font
s/type1/public/amsfonts/cm/cmmi10.pfb></usr/share/texlive/texmf-dist/fonts/type
1/public/amsfonts/cm/cmmi5.pfb></usr/share/texlive/texmf-dist/fonts/type1/publi
c/amsfonts/cm/cmmi7.pfb></usr/share/texlive/texmf-dist/fonts/type1/public/amsfo
nts/cm/cmr10.pfb></usr/share/texlive/texmf-dist/fonts/type1/public/amsfonts/cm/
cmr12.pfb></usr/share/texlive/texmf-dist/fonts/type1/public/amsfonts/cm/cmr17.p
fb></usr/share/texlive/texmf-dist/fonts/type1/public/amsfonts/cm/cmr5.pfb></usr
/share/texlive/texmf-dist/fonts/type1/public/amsfonts/cm/cmr6.pfb></usr/share/t
exlive/texmf-dist/fonts/type1/public/amsfonts/cm/cmr7.pfb></usr/share/texlive/t
exmf-dist/fonts/type1/public/amsfonts/cm/cmr8.pfb></usr/share/texlive/texmf-dis
t/fonts/type1/public/amsfonts/cm/cmsl10.pfb></usr/share/texlive/texmf-dist/font
s/type1/public/amsfonts/cm/cmsy10.pfb></usr/share/texlive/texmf-dist/fonts/type
1/public/amsfonts/cm/cmti10.pfb></usr/share/texlive/texmf-dist/fonts/type1/publ
ic/amsfonts/cm/cmtt10.pfb></usr/share/texlive/texmf-dist/fonts/type1/public/ams
fonts/cm/cmtt8.pfb></usr/share/texmf/fonts/type1/public/cm-super/sfrm1000.pfb>
Output written on main.pdf (34 pages, 1879761 bytes).
PDF statistics:
 483 PDF objects out of 1000 (max. 8388607)
 408 compressed objects within 5 object streams
 105 named destinations out of 1000 (max. 500000)
 176 words of extra memory for PDF output out of 10000 (max. 10000000)

