This is pdfTeX, Version 3.141592653-2.6-1.40.24 (MiKTeX 21.12.10) (preloaded format=pdflatex 2021.12.26)  3 JAN 2022 18:46
entering extended mode
 restricted \write18 enabled.
 %&-line parsing enabled.
**./main.tex
(main.tex
LaTeX2e <2021-11-15> patch level 1
L3 programming layer <2021-11-22>
(C:\Program Files\MiKTeX\tex/latex/base\report.cls
Document Class: report 2021/10/04 v1.4n Standard LaTeX document class
(C:\Program Files\MiKTeX\tex/latex/base\size10.clo
File: size10.clo 2021/10/04 v1.4n Standard LaTeX file (size option)
)
\c@part=\count183
\c@chapter=\count184
\c@section=\count185
\c@subsection=\count186
\c@subsubsection=\count187
\c@paragraph=\count188
\c@subparagraph=\count189
\c@figure=\count190
\c@table=\count191
\abovecaptionskip=\skip47
\belowcaptionskip=\skip48
\bibindent=\dimen138
)
(C:\Program Files\MiKTeX\tex/latex/tabulary\tabulary.sty
Package: tabulary 2014/06/11 v0.10 tabulary package (DPC)

(C:\Program Files\MiKTeX\tex/latex/tools\array.sty
Package: array 2021/10/04 v2.5f Tabular extension package (FMi)
\col@sep=\dimen139
\ar@mcellbox=\box50
\extrarowheight=\dimen140
\NC@list=\toks16
\extratabsurround=\skip49
\backup@length=\skip50
\ar@cellbox=\box51
)
\TY@count=\count192
\TY@linewidth=\dimen141
\tymin=\dimen142
\tymax=\dimen143
\TY@tablewidth=\dimen144
)
(C:\Program Files\MiKTeX\tex/latex/booktabs\booktabs.sty
Package: booktabs 2020/01/12 v1.61803398 Publication quality tables
\heavyrulewidth=\dimen145
\lightrulewidth=\dimen146
\cmidrulewidth=\dimen147
\belowrulesep=\dimen148
\belowbottomsep=\dimen149
\aboverulesep=\dimen150
\abovetopsep=\dimen151
\cmidrulesep=\dimen152
\cmidrulekern=\dimen153
\defaultaddspace=\dimen154
\@cmidla=\count193
\@cmidlb=\count194
\@aboverulesep=\dimen155
\@belowrulesep=\dimen156
\@thisruleclass=\count195
\@lastruleclass=\count196
\@thisrulewidth=\dimen157
)
(C:\Program Files\MiKTeX\tex/latex/listings\listings.sty
(C:\Program Files\MiKTeX\tex/latex/graphics\keyval.sty
Package: keyval 2014/10/28 v1.15 key=value parser (DPC)
\KV@toks@=\toks17
)
\lst@mode=\count197
\lst@gtempboxa=\box52
\lst@token=\toks18
\lst@length=\count198
\lst@currlwidth=\dimen158
\lst@column=\count199
\lst@pos=\count266
\lst@lostspace=\dimen159
\lst@width=\dimen160
\lst@newlines=\count267
\lst@lineno=\count268
\lst@maxwidth=\dimen161

(C:\Program Files\MiKTeX\tex/latex/listings\lstmisc.sty
File: lstmisc.sty 2020/03/24 1.8d (Carsten Heinz)
\c@lstnumber=\count269
\lst@skipnumbers=\count270
\lst@framebox=\box53
)
(C:\Program Files\MiKTeX\tex/latex/listings\listings.cfg
File: listings.cfg 2020/03/24 1.8d listings configuration
))
Package: listings 2020/03/24 1.8d (Carsten Heinz)

(C:\Program Files\MiKTeX\tex/latex/xcolor\xcolor.sty
Package: xcolor 2021/10/31 v2.13 LaTeX color extensions (UK)

(C:\Program Files\MiKTeX\tex/latex/graphics-cfg\color.cfg
File: color.cfg 2016/01/02 v1.6 sample color configuration
)
Package xcolor Info: Driver file: pdftex.def on input line 227.

(C:\Program Files\MiKTeX\tex/latex/graphics-def\pdftex.def
File: pdftex.def 2020/10/05 v1.2a Graphics/color driver for pdftex
)
Package xcolor Info: Model `cmy' substituted by `cmy0' on input line 1352.
Package xcolor Info: Model `hsb' substituted by `rgb' on input line 1356.
Package xcolor Info: Model `RGB' extended on input line 1368.
Package xcolor Info: Model `HTML' substituted by `rgb' on input line 1370.
Package xcolor Info: Model `Hsb' substituted by `hsb' on input line 1371.
Package xcolor Info: Model `tHsb' substituted by `hsb' on input line 1372.
Package xcolor Info: Model `HSB' substituted by `hsb' on input line 1373.
Package xcolor Info: Model `Gray' substituted by `gray' on input line 1374.
Package xcolor Info: Model `wave' substituted by `hsb' on input line 1375.
)
(C:\Program Files\MiKTeX\tex/latex/adjustbox\adjustbox.sty
Package: adjustbox 2020/08/19 v1.3 Adjusting TeX boxes (trim, clip, ...)

(C:\Program Files\MiKTeX\tex/latex/xkeyval\xkeyval.sty
Package: xkeyval 2020/11/20 v2.8 package option processing (HA)

(C:\Program Files\MiKTeX\tex/generic/xkeyval\xkeyval.tex
(C:\Program Files\MiKTeX\tex/generic/xkeyval\xkvutils.tex
\XKV@toks=\toks19
\XKV@tempa@toks=\toks20
)
\XKV@depth=\count271
File: xkeyval.tex 2014/12/03 v2.7a key=value parser (HA)
))
(C:\Program Files\MiKTeX\tex/latex/adjustbox\adjcalc.sty
Package: adjcalc 2012/05/16 v1.1 Provides advanced setlength with multiple back
-ends (calc, etex, pgfmath)
)
(C:\Program Files\MiKTeX\tex/latex/adjustbox\trimclip.sty
Package: trimclip 2020/08/19 v1.2 Trim and clip general TeX material

(C:\Program Files\MiKTeX\tex/latex/graphics\graphicx.sty
Package: graphicx 2021/09/16 v1.2d Enhanced LaTeX Graphics (DPC,SPQR)

(C:\Program Files\MiKTeX\tex/latex/graphics\graphics.sty
Package: graphics 2021/03/04 v1.4d Standard LaTeX Graphics (DPC,SPQR)

(C:\Program Files\MiKTeX\tex/latex/graphics\trig.sty
Package: trig 2021/08/11 v1.11 sin cos tan (DPC)
)
(C:\Program Files\MiKTeX\tex/latex/graphics-cfg\graphics.cfg
File: graphics.cfg 2016/06/04 v1.11 sample graphics configuration
)
Package graphics Info: Driver file: pdftex.def on input line 107.
)
\Gin@req@height=\dimen162
\Gin@req@width=\dimen163
)
(C:\Program Files\MiKTeX\tex/latex/collectbox\collectbox.sty
Package: collectbox 2012/05/17 v0.4b Collect macro arguments as boxes
\collectedbox=\box54
)
\tc@llx=\dimen164
\tc@lly=\dimen165
\tc@urx=\dimen166
\tc@ury=\dimen167
Package trimclip Info: Using driver 'tc-pdftex.def'.

(C:\Program Files\MiKTeX\tex/latex/adjustbox\tc-pdftex.def
File: tc-pdftex.def 2019/01/04 v2.2 Clipping driver for pdftex
))
\adjbox@Width=\dimen168
\adjbox@Height=\dimen169
\adjbox@Depth=\dimen170
\adjbox@Totalheight=\dimen171
\adjbox@pwidth=\dimen172
\adjbox@pheight=\dimen173
\adjbox@pdepth=\dimen174
\adjbox@ptotalheight=\dimen175

(C:\Program Files\MiKTeX\tex/latex/ifoddpage\ifoddpage.sty
Package: ifoddpage 2016/04/23 v1.1 Conditionals for odd/even page detection
\c@checkoddpage=\count272
)
(C:\Program Files\MiKTeX\tex/latex/varwidth\varwidth.sty
Package: varwidth 2009/03/30 ver 0.92;  Variable-width minipages
\@vwid@box=\box55
\sift@deathcycles=\count273
\@vwid@loff=\dimen176
\@vwid@roff=\dimen177
))
(C:\Program Files\MiKTeX\tex/latex/graphics\rotating.sty
Package: rotating 2016/08/11 v2.16d rotated objects in LaTeX

(C:\Program Files\MiKTeX\tex/latex/base\ifthen.sty
Package: ifthen 2020/11/24 v1.1c Standard LaTeX ifthen package (DPC)
)
\c@r@tfl@t=\count274
\rotFPtop=\skip51
\rotFPbot=\skip52
\rot@float@box=\box56
\rot@mess@toks=\toks21
)
(C:\Program Files\MiKTeX\tex/latex/amsmath\amsmath.sty
Package: amsmath 2021/10/15 v2.17l AMS math features
\@mathmargin=\skip53

For additional information on amsmath, use the `?' option.
(C:\Program Files\MiKTeX\tex/latex/amsmath\amstext.sty
Package: amstext 2021/08/26 v2.01 AMS text

(C:\Program Files\MiKTeX\tex/latex/amsmath\amsgen.sty
File: amsgen.sty 1999/11/30 v2.0 generic functions
\@emptytoks=\toks22
\ex@=\dimen178
))
(C:\Program Files\MiKTeX\tex/latex/amsmath\amsbsy.sty
Package: amsbsy 1999/11/29 v1.2d Bold Symbols
\pmbraise@=\dimen179
)
(C:\Program Files\MiKTeX\tex/latex/amsmath\amsopn.sty
Package: amsopn 2021/08/26 v2.02 operator names
)
\inf@bad=\count275
LaTeX Info: Redefining \frac on input line 234.
\uproot@=\count276
\leftroot@=\count277
LaTeX Info: Redefining \overline on input line 399.
\classnum@=\count278
\DOTSCASE@=\count279
LaTeX Info: Redefining \ldots on input line 496.
LaTeX Info: Redefining \dots on input line 499.
LaTeX Info: Redefining \cdots on input line 620.
\Mathstrutbox@=\box57
\strutbox@=\box58
\big@size=\dimen180
LaTeX Font Info:    Redeclaring font encoding OML on input line 743.
LaTeX Font Info:    Redeclaring font encoding OMS on input line 744.
\macc@depth=\count280
\c@MaxMatrixCols=\count281
\dotsspace@=\muskip16
\c@parentequation=\count282
\dspbrk@lvl=\count283
\tag@help=\toks23
\row@=\count284
\column@=\count285
\maxfields@=\count286
\andhelp@=\toks24
\eqnshift@=\dimen181
\alignsep@=\dimen182
\tagshift@=\dimen183
\tagwidth@=\dimen184
\totwidth@=\dimen185
\lineht@=\dimen186
\@envbody=\toks25
\multlinegap=\skip54
\multlinetaggap=\skip55
\mathdisplay@stack=\toks26
LaTeX Info: Redefining \[ on input line 2938.
LaTeX Info: Redefining \] on input line 2939.
)
(C:\Program Files\MiKTeX\tex/latex/mathtools\mathtools.sty
Package: mathtools 2021/04/12 v1.27 mathematical typesetting tools

(C:\Program Files\MiKTeX\tex/latex/tools\calc.sty
Package: calc 2017/05/25 v4.3 Infix arithmetic (KKT,FJ)
\calc@Acount=\count287
\calc@Bcount=\count288
\calc@Adimen=\dimen187
\calc@Bdimen=\dimen188
\calc@Askip=\skip56
\calc@Bskip=\skip57
LaTeX Info: Redefining \setlength on input line 80.
LaTeX Info: Redefining \addtolength on input line 81.
\calc@Ccount=\count289
\calc@Cskip=\skip58
)
(C:\Program Files\MiKTeX\tex/latex/mathtools\mhsetup.sty
Package: mhsetup 2021/03/18 v1.4 programming setup (MH)
)
LaTeX Info: Thecontrolsequence`\('isalreadyrobust on input line 130.
LaTeX Info: Thecontrolsequence`\)'isalreadyrobust on input line 130.
LaTeX Info: Thecontrolsequence`\['isalreadyrobust on input line 130.
LaTeX Info: Thecontrolsequence`\]'isalreadyrobust on input line 130.
\g_MT_multlinerow_int=\count290
\l_MT_multwidth_dim=\dimen189
\origjot=\skip59
\l_MT_shortvdotswithinadjustabove_dim=\dimen190
\l_MT_shortvdotswithinadjustbelow_dim=\dimen191
\l_MT_above_intertext_sep=\dimen192
\l_MT_below_intertext_sep=\dimen193
\l_MT_above_shortintertext_sep=\dimen194
\l_MT_below_shortintertext_sep=\dimen195
\xmathstrut@box=\box59
\xmathstrut@dim=\dimen196
)
(C:\Program Files\MiKTeX\tex/latex/appendix\appendix.sty
Package: appendix 2020/02/08 v1.2c extra appendix facilities
\c@@pps=\count291
\c@@ppsavesec=\count292
\c@@ppsaveapp=\count293
)
(C:\Program Files\MiKTeX\tex/latex/glossaries/base\glossaries.sty
Package: glossaries 2021/11/01 v4.49 (NLCT)

(C:\Program Files\MiKTeX\tex/latex/mfirstuc\mfirstuc.sty
Package: mfirstuc 2021/10/15 v2.07 (NLCT)

(C:\Program Files\MiKTeX\tex/latex/etoolbox\etoolbox.sty
Package: etoolbox 2020/10/05 v2.5k e-TeX tools for LaTeX (JAW)
\etb@tempcnta=\count294
)
\@glsmfirst=\toks27
\@glsmrest=\toks28
)
(C:\Program Files\MiKTeX\tex/latex/textcase\textcase.sty
Package: textcase 2019/09/14 v1.00 Text only upper/lower case changing (DPC)
)
(C:\Program Files\MiKTeX\tex/latex/xfor\xfor.sty
Package: xfor 2009/02/05 v1.05 (NLCT)
)
(C:\Program Files\MiKTeX\tex/latex/datatool\datatool-base.sty
Package: datatool-base 2019/09/27 v2.32 (NLCT)

(C:\Program Files\MiKTeX\tex/latex/substr\substr.sty
Package: substr 2009/10/20 v1.2 Handle substrings
\c@su@anzahl=\count295
)
(C:\Program Files\MiKTeX\tex/latex/datatool\datatool-fp.sty
Package: datatool-fp 2019/09/27 v2.32 (NLCT)

(C:\Program Files\MiKTeX\tex/latex/fp\fp.sty
Package: fp 1995/04/02

`Fixed Point Package', Version 0.8, April 2, 1995 (C) Michael Mehlich
(C:\Program Files\MiKTeX\tex/latex/fp\defpattern.sty
Package: defpattern 1994/10/12
\actioncount=\count296
)
(C:\Program Files\MiKTeX\tex/latex/fp\fp-basic.sty
Package: fp-basic 1996/05/13
\FP@xs=\count297
\FP@xia=\count298
\FP@xib=\count299
\FP@xfa=\count300
\FP@xfb=\count301
\FP@rega=\count302
\FP@regb=\count303
\FP@regs=\count304
\FP@times=\count305
)
(C:\Program Files\MiKTeX\tex/latex/fp\fp-addons.sty
Package: fp-addons 1995/03/15
)
(C:\Program Files\MiKTeX\tex/latex/fp\fp-snap.sty
Package: fp-snap 1995/04/05
)
(C:\Program Files\MiKTeX\tex/latex/fp\fp-exp.sty
Package: fp-exp 1995/04/03
)
(C:\Program Files\MiKTeX\tex/latex/fp\fp-trigo.sty
Package: fp-trigo 1995/04/14
)
(C:\Program Files\MiKTeX\tex/latex/fp\fp-pas.sty
Package: fp-pas 1994/08/29
)
(C:\Program Files\MiKTeX\tex/latex/fp\fp-random.sty
Package: fp-random 1995/02/23
\FPseed=\count306
)
(C:\Program Files\MiKTeX\tex/latex/fp\fp-eqn.sty
Package: fp-eqn 1995/04/03
)
(C:\Program Files\MiKTeX\tex/latex/fp\fp-upn.sty
Package: fp-upn 1996/10/21
)
(C:\Program Files\MiKTeX\tex/latex/fp\fp-eval.sty
Package: fp-eval 1995/04/03
)))
\@dtl@toks=\toks29
\@dtl@tmpcount=\count307
\dtl@tmplength=\skip60
\dtl@sortresult=\count308
\@dtl@numgrpsepcount=\count309
\@dtl@datatype=\count310
\dtl@codeA=\count311
\dtl@codeB=\count312
\@dtl@foreach@level=\count313
)
(C:\Program Files\MiKTeX\tex/latex/glossaries/base\glossaries-compatible-307.st
y
Package: glossaries-compatible-307 2021/11/01 v4.49 (NLCT)
)
\gls@level=\count314
\@gls@tmpb=\toks30
\gls@tmplen=\skip61
\glskeylisttok=\toks31
\glslabeltok=\toks32
\glsshorttok=\toks33
\glslongtok=\toks34
 (C:\Program Files\MiKTeX\tex/latex/glossaries/styles\glossary-hypernav.sty
Package: glossary-hypernav 2021/11/01 v4.49 (NLCT)
)
(C:\Program Files\MiKTeX\tex/latex/glossaries/styles\glossary-list.sty
Package: glossary-list 2021/11/01 v4.49 (NLCT)
\glslistdottedwidth=\skip62
)
(C:\Program Files\MiKTeX\tex/latex/glossaries/styles\glossary-long.sty
Package: glossary-long 2021/11/01 v4.49 (NLCT)

(C:\Program Files\MiKTeX\tex/latex/tools\longtable.sty
Package: longtable 2021-09-01 v4.17 Multi-page Table package (DPC)
\LTleft=\skip63
\LTright=\skip64
\LTpre=\skip65
\LTpost=\skip66
\LTchunksize=\count315
\LTcapwidth=\dimen197
\LT@head=\box60
\LT@firsthead=\box61
\LT@foot=\box62
\LT@lastfoot=\box63
\LT@gbox=\box64
\LT@cols=\count316
\LT@rows=\count317
\c@LT@tables=\count318
\c@LT@chunks=\count319
\LT@p@ftn=\toks35
)
\glsdescwidth=\skip67
\glspagelistwidth=\skip68
)
(C:\Program Files\MiKTeX\tex/latex/glossaries/styles\glossary-super.sty
Package: glossary-super 2021/11/01 v4.49 (NLCT)

(C:\Program Files\MiKTeX\tex/latex/supertabular\supertabular.sty
Package: supertabular 2020/02/02 v4.1g the supertabular environment
\c@tracingst=\count320
\ST@wd=\dimen198
\ST@rightskip=\skip69
\ST@leftskip=\skip70
\ST@parfillskip=\skip71
\ST@pageleft=\dimen199
\ST@headht=\dimen256
\ST@tailht=\dimen257
\ST@pagesofar=\dimen258
\ST@pboxht=\dimen259
\ST@lineht=\dimen260
\ST@prevht=\dimen261
\ST@toadd=\dimen262
\ST@dimen=\dimen263
\ST@pbox=\box65
))
(C:\Program Files\MiKTeX\tex/latex/glossaries/styles\glossary-tree.sty
Package: glossary-tree 2021/11/01 v4.49 (NLCT)
\glstreeindent=\skip72
))
(C:\Program Files\MiKTeX\tex/latex/setspace\setspace.sty
Package: setspace 2011/12/19 v6.7a set line spacing
)
(C:\Program Files\MiKTeX\tex/latex/fancyhdr\fancyhdr.sty
Package: fancyhdr 2021/01/28 v4.0.1 Extensive control of page headers and foote
rs
\f@nch@headwidth=\skip73
\f@nch@O@elh=\skip74
\f@nch@O@erh=\skip75
\f@nch@O@olh=\skip76
\f@nch@O@orh=\skip77
\f@nch@O@elf=\skip78
\f@nch@O@erf=\skip79
\f@nch@O@olf=\skip80
\f@nch@O@orf=\skip81
)
(C:\Program Files\MiKTeX\tex/latex/hyperref\hyperref.sty
Package: hyperref 2021-06-07 v7.00m Hypertext links for LaTeX

(C:\Program Files\MiKTeX\tex/generic/ltxcmds\ltxcmds.sty
Package: ltxcmds 2020-05-10 v1.25 LaTeX kernel commands for general use (HO)
)
(C:\Program Files\MiKTeX\tex/generic/iftex\iftex.sty
Package: iftex 2020/03/06 v1.0d TeX engine tests
)
(C:\Program Files\MiKTeX\tex/generic/pdftexcmds\pdftexcmds.sty
Package: pdftexcmds 2020-06-27 v0.33 Utility functions of pdfTeX for LuaTeX (HO
)

(C:\Program Files\MiKTeX\tex/generic/infwarerr\infwarerr.sty
Package: infwarerr 2019/12/03 v1.5 Providing info/warning/error messages (HO)
)
Package pdftexcmds Info: \pdf@primitive is available.
Package pdftexcmds Info: \pdf@ifprimitive is available.
Package pdftexcmds Info: \pdfdraftmode found.
)
(C:\Program Files\MiKTeX\tex/generic/kvsetkeys\kvsetkeys.sty
Package: kvsetkeys 2019/12/15 v1.18 Key value parser (HO)
)
(C:\Program Files\MiKTeX\tex/generic/kvdefinekeys\kvdefinekeys.sty
Package: kvdefinekeys 2019-12-19 v1.6 Define keys (HO)
)
(C:\Program Files\MiKTeX\tex/generic/pdfescape\pdfescape.sty
Package: pdfescape 2019/12/09 v1.15 Implements pdfTeX's escape features (HO)
)
(C:\Program Files\MiKTeX\tex/latex/hycolor\hycolor.sty
Package: hycolor 2020-01-27 v1.10 Color options for hyperref/bookmark (HO)
)
(C:\Program Files\MiKTeX\tex/latex/letltxmacro\letltxmacro.sty
Package: letltxmacro 2019/12/03 v1.6 Let assignment for LaTeX macros (HO)
)
(C:\Program Files\MiKTeX\tex/latex/auxhook\auxhook.sty
Package: auxhook 2019-12-17 v1.6 Hooks for auxiliary files (HO)
)
(C:\Program Files\MiKTeX\tex/latex/kvoptions\kvoptions.sty
Package: kvoptions 2020-10-07 v3.14 Key value format for package options (HO)
)
\@linkdim=\dimen264
\Hy@linkcounter=\count321
\Hy@pagecounter=\count322

(C:\Program Files\MiKTeX\tex/latex/hyperref\pd1enc.def
File: pd1enc.def 2021-06-07 v7.00m Hyperref: PDFDocEncoding definition (HO)
Now handling font encoding PD1 ...
... no UTF-8 mapping file for font encoding PD1
)
(C:\Program Files\MiKTeX\tex/latex/hyperref\hyperref-langpatches.def
File: hyperref-langpatches.def 2021-06-07 v7.00m Hyperref: patches for babel la
nguages
)
(C:\Program Files\MiKTeX\tex/generic/intcalc\intcalc.sty
Package: intcalc 2019/12/15 v1.3 Expandable calculations with integers (HO)
)
(C:\Program Files\MiKTeX\tex/generic/etexcmds\etexcmds.sty
Package: etexcmds 2019/12/15 v1.7 Avoid name clashes with e-TeX commands (HO)
)
\Hy@SavedSpaceFactor=\count323

(C:\Program Files\MiKTeX\tex/latex/hyperref\puenc.def
File: puenc.def 2021-06-07 v7.00m Hyperref: PDF Unicode definition (HO)
Now handling font encoding PU ...
... no UTF-8 mapping file for font encoding PU
)
Package hyperref Info: Hyper figures OFF on input line 4192.
Package hyperref Info: Link nesting OFF on input line 4197.
Package hyperref Info: Hyper index ON on input line 4200.
Package hyperref Info: Plain pages OFF on input line 4207.
Package hyperref Info: Backreferencing OFF on input line 4212.
Package hyperref Info: Implicit mode ON; LaTeX internals redefined.
Package hyperref Info: Bookmarks ON on input line 4445.
\c@Hy@tempcnt=\count324

(C:\Program Files\MiKTeX\tex/latex/url\url.sty
\Urlmuskip=\muskip17
Package: url 2013/09/16  ver 3.4  Verb mode for urls, etc.
)
LaTeX Info: Redefining \url on input line 4804.
\XeTeXLinkMargin=\dimen265

(C:\Program Files\MiKTeX\tex/generic/bitset\bitset.sty
Package: bitset 2019/12/09 v1.3 Handle bit-vector datatype (HO)

(C:\Program Files\MiKTeX\tex/generic/bigintcalc\bigintcalc.sty
Package: bigintcalc 2019/12/15 v1.5 Expandable calculations on big integers (HO
)
))
\Fld@menulength=\count325
\Field@Width=\dimen266
\Fld@charsize=\dimen267
Package hyperref Info: Hyper figures OFF on input line 6076.
Package hyperref Info: Link nesting OFF on input line 6081.
Package hyperref Info: Hyper index ON on input line 6084.
Package hyperref Info: backreferencing OFF on input line 6091.
Package hyperref Info: Link coloring OFF on input line 6096.
Package hyperref Info: Link coloring with OCG OFF on input line 6101.
Package hyperref Info: PDF/A mode OFF on input line 6106.
LaTeX Info: Redefining \ref on input line 6146.
LaTeX Info: Redefining \pageref on input line 6150.

(C:\Program Files\MiKTeX\tex/latex/base\atbegshi-ltx.sty
Package: atbegshi-ltx 2021/01/10 v1.0c Emulation of the original atbegshi
package with kernel methods
)
\Hy@abspage=\count326
\c@Item=\count327
\c@Hfootnote=\count328
)
Package hyperref Info: Driver (autodetected): hpdftex.

(C:\Program Files\MiKTeX\tex/latex/hyperref\hpdftex.def
File: hpdftex.def 2021-06-07 v7.00m Hyperref driver for pdfTeX

(C:\Program Files\MiKTeX\tex/latex/base\atveryend-ltx.sty
Package: atveryend-ltx 2020/08/19 v1.0a Emulation of the original atveryend pac
kage
with kernel methods
)
\Fld@listcount=\count329
\c@bookmark@seq@number=\count330

(C:\Program Files\MiKTeX\tex/latex/rerunfilecheck\rerunfilecheck.sty
Package: rerunfilecheck 2019/12/05 v1.9 Rerun checks for auxiliary files (HO)

(C:\Program Files\MiKTeX\tex/generic/uniquecounter\uniquecounter.sty
Package: uniquecounter 2019/12/15 v1.4 Provide unlimited unique counter (HO)
)
Package uniquecounter Info: New unique counter `rerunfilecheck' on input line 2
86.
)
\Hy@SectionHShift=\skip82
)
(C:\Program Files\MiKTeX\tex/latex/base\inputenc.sty
Package: inputenc 2021/02/14 v1.3d Input encoding file
\inpenc@prehook=\toks36
\inpenc@posthook=\toks37
)
(C:\Program Files\MiKTeX\tex/latex/lastpage\lastpage.sty
Package: lastpage 2021/09/03 v1.2n Refers to last page's name (HMM; JPG)
)
(C:\Program Files\MiKTeX\tex/latex/geometry\geometry.sty
Package: geometry 2020/01/02 v5.9 Page Geometry

(C:\Program Files\MiKTeX\tex/generic/iftex\ifvtex.sty
Package: ifvtex 2019/10/25 v1.7 ifvtex legacy package. Use iftex instead.
)
\Gm@cnth=\count331
\Gm@cntv=\count332
\c@Gm@tempcnt=\count333
\Gm@bindingoffset=\dimen268
\Gm@wd@mp=\dimen269
\Gm@odd@mp=\dimen270
\Gm@even@mp=\dimen271
\Gm@layoutwidth=\dimen272
\Gm@layoutheight=\dimen273
\Gm@layouthoffset=\dimen274
\Gm@layoutvoffset=\dimen275
\Gm@dimlist=\toks38

(C:\Program Files\MiKTeX\tex/latex/geometry\geometry.cfg))
Package hyperref Info: Option `colorlinks' set `true' on input line 29.
\glswrite=\write3
\glo@acronym@file=\write4
\openout4 = `main.acn'.

Package glossaries Info: Writing glossary file main.acn on input line 116.
 (myglossary.tex)
(C:\Program Files\MiKTeX\tex/latex/l3backend\l3backend-pdftex.def
File: l3backend-pdftex.def 2021-12-14 L3 backend support: PDF output (pdfTeX)
\l__color_backend_stack_int=\count334
\l__pdf_internal_box=\box66
) (main.aux
(changes.aux) (section1.aux) (methodology.aux) (results.aux))
\openout1 = `main.aux'.

LaTeX Font Info:    Checking defaults for OML/cmm/m/it on input line 119.
LaTeX Font Info:    ... okay on input line 119.
LaTeX Font Info:    Checking defaults for OMS/cmsy/m/n on input line 119.
LaTeX Font Info:    ... okay on input line 119.
LaTeX Font Info:    Checking defaults for OT1/cmr/m/n on input line 119.
LaTeX Font Info:    ... okay on input line 119.
LaTeX Font Info:    Checking defaults for T1/cmr/m/n on input line 119.
LaTeX Font Info:    ... okay on input line 119.
LaTeX Font Info:    Checking defaults for TS1/cmr/m/n on input line 119.
LaTeX Font Info:    ... okay on input line 119.
LaTeX Font Info:    Checking defaults for OMX/cmex/m/n on input line 119.
LaTeX Font Info:    ... okay on input line 119.
LaTeX Font Info:    Checking defaults for U/cmr/m/n on input line 119.
LaTeX Font Info:    ... okay on input line 119.
LaTeX Font Info:    Checking defaults for PD1/pdf/m/n on input line 119.
LaTeX Font Info:    ... okay on input line 119.
LaTeX Font Info:    Checking defaults for PU/pdf/m/n on input line 119.
LaTeX Font Info:    ... okay on input line 119.
\c@lstlisting=\count335

(C:\Program Files\MiKTeX\tex/context/base/mkii\supp-pdf.mkii
[Loading MPS to PDF converter (version 2006.09.02).]
\scratchcounter=\count336
\scratchdimen=\dimen276
\scratchbox=\box67
\nofMPsegments=\count337
\nofMParguments=\count338
\everyMPshowfont=\toks39
\MPscratchCnt=\count339
\MPscratchDim=\dimen277
\MPnumerator=\count340
\makeMPintoPDFobject=\count341
\everyMPtoPDFconversion=\toks40
) (C:\Program Files\MiKTeX\tex/latex/epstopdf-pkg\epstopdf-base.sty
Package: epstopdf-base 2020-01-24 v2.11 Base part for package epstopdf
Package epstopdf-base Info: Redefining graphics rule for `.eps' on input line 4
85.

(C:\Program Files\MiKTeX\tex/latex/00miktex\epstopdf-sys.cfg
File: epstopdf-sys.cfg 2021/03/18 v2.0 Configuration of epstopdf for MiKTeX
))
Package hyperref Info: Link coloring ON on input line 119.

(C:\Program Files\MiKTeX\tex/latex/hyperref\nameref.sty
Package: nameref 2021-04-02 v2.47 Cross-referencing by name of section

(C:\Program Files\MiKTeX\tex/latex/refcount\refcount.sty
Package: refcount 2019/12/15 v3.6 Data extraction from label references (HO)
)
(C:\Program Files\MiKTeX\tex/generic/gettitlestring\gettitlestring.sty
Package: gettitlestring 2019/12/15 v1.6 Cleanup title references (HO)
)
\c@section@level=\count342
)
LaTeX Info: Redefining \ref on input line 119.
LaTeX Info: Redefining \pageref on input line 119.
LaTeX Info: Redefining \nameref on input line 119.

(main.out) (main.out)
\@outlinefile=\write5
\openout5 = `main.out'.

Package lastpage Info: Please have a look at the pageslts package at
(lastpage)             https://www.ctan.org/pkg/pageslts
(lastpage)             ! on input line 119.

*geometry* driver: auto-detecting
*geometry* detected driver: pdftex
*geometry* verbose mode - [ preamble ] result:
* driver: pdftex
* paper: <default>
* layout: <same size as paper>
* layoutoffset:(h,v)=(0.0pt,0.0pt)
* modes: 
* h-part:(L,W,R)=(56.9055pt, 500.484pt, 56.9055pt)
* v-part:(T,H,B)=(113.81102pt, 585.7616pt, 95.39737pt)
* \paperwidth=614.295pt
* \paperheight=794.96999pt
* \textwidth=500.484pt
* \textheight=585.7616pt
* \oddsidemargin=-15.36449pt
* \evensidemargin=-15.36449pt
* \topmargin=-48.45897pt
* \headheight=26.0pt
* \headsep=25.0pt
* \topskip=10.0pt
* \footskip=65.0pt
* \marginparwidth=65.0pt
* \marginparsep=11.0pt
* \columnsep=10.0pt
* \skip\footins=9.0pt plus 4.0pt minus 2.0pt
* \hoffset=0.0pt
* \voffset=0.0pt
* \mag=1000
* \@twocolumnfalse
* \@twosidefalse
* \@mparswitchfalse
* \@reversemarginfalse
* (1in=72.27pt=25.4mm, 1cm=28.453pt)

[1

\openout3 = `main.ist'.

{C:/Users/User/AppData/Local/MiKTeX/fonts/map/pdftex/pdftex.map}] (main.toc)
\tf@toc=\write6
\openout6 = `main.toc'.


[2

]
\openout2 = `changes.aux'.

 (changes.tex) [3

]
\openout2 = `section1.aux'.

 (section1.tex) [4



]
\openout2 = `methodology.aux'.

 (methodology.tex

pdfTeX warning: pdflatex.exe (file ./figure-chapterIII/figure3-22.pdf): PDF inc
lusion: found PDF version <1.6>, but at most version <1.5> allowed
<figure-chapterIII/figure3-22.pdf, id=121, 795.33133pt x 614.65634pt>
File: figure-chapterIII/figure3-22.pdf Graphic file (type pdf)
<use figure-chapterIII/figure3-22.pdf>
Package pdftex.def Info: figure-chapterIII/figure3-22.pdf  used on input line 1
2.
(pdftex.def)             Requested size: 544.77797pt x 418.30635pt.
[5



] [6 <./figure-chapterIII/figure3-22.pdf>] [7]) [8]
\openout2 = `results.aux'.

 (results.tex

LaTeX Warning: Citation `dorr_cad-cam_1987' on page 9 undefined on input line 1
1.

[9



] [10]
Overfull \hbox (16.43439pt too wide) in paragraph at lines 127--127
[]\OT1/cmr/m/n/10 KAON|  
 []


Overfull \hbox (11.75266pt too wide) in paragraph at lines 127--128
 [][] 
 []

[11] [12]
<figure-chapterIV/fig4-1.pdf, id=208, 794.97pt x 614.295pt>
File: figure-chapterIV/fig4-1.pdf Graphic file (type pdf)
<use figure-chapterIV/fig4-1.pdf>
Package pdftex.def Info: figure-chapterIV/fig4-1.pdf  used on input line 189.
(pdftex.def)             Requested size: 397.48402pt x 307.14674pt.
 [13] [14 <./figure-chapterIV/fig4-1.pdf, page is rotated 90 degrees>]
<figure-chapterIV/fig4-2.pdf, id=233, 614.295pt x 794.97pt>
File: figure-chapterIV/fig4-2.pdf Graphic file (type pdf)
<use figure-chapterIV/fig4-2.pdf>
Package pdftex.def Info: figure-chapterIV/fig4-2.pdf  used on input line 205.
(pdftex.def)             Requested size: 245.71364pt x 317.98236pt.
<figure-chapterIV/fig4-3.pdf, id=237, 614.295pt x 794.97pt>
File: figure-chapterIV/fig4-3.pdf Graphic file (type pdf)
<use figure-chapterIV/fig4-3.pdf>
Package pdftex.def Info: figure-chapterIV/fig4-3.pdf  used on input line 218.
(pdftex.def)             Requested size: 245.71364pt x 317.98236pt.
<figure-chapterIV/fig4-4.pdf, id=239, 794.97pt x 614.295pt>
File: figure-chapterIV/fig4-4.pdf Graphic file (type pdf)
<use figure-chapterIV/fig4-4.pdf>
Package pdftex.def Info: figure-chapterIV/fig4-4.pdf  used on input line 234.
(pdftex.def)             Requested size: 317.98236pt x 245.71364pt.
[15 <./figure-chapterIV/fig4-2.pdf>] [16 <./figure-chapterIV/fig4-3.pdf> <./fig
ure-chapterIV/fig4-4.pdf, page is rotated 90 degrees>] [17]
<figure-chapterIV/fig4-5.pdf, id=288, 614.295pt x 794.97pt>
File: figure-chapterIV/fig4-5.pdf Graphic file (type pdf)
<use figure-chapterIV/fig4-5.pdf>
Package pdftex.def Info: figure-chapterIV/fig4-5.pdf  used on input line 296.
(pdftex.def)             Requested size: 491.43666pt x 635.97687pt.


LaTeX Warning: Float too large for page by 84.15971pt on input line 300.


Underfull \hbox (badness 10000) in paragraph at lines 309--310

 []

<figure-chapterIV/fig4-6.pdf, id=291, 794.97pt x 614.295pt>
File: figure-chapterIV/fig4-6.pdf Graphic file (type pdf)
<use figure-chapterIV/fig4-6.pdf>
Package pdftex.def Info: figure-chapterIV/fig4-6.pdf  used on input line 321.
(pdftex.def)             Requested size: 397.48402pt x 307.14674pt.
<figure-chapterIV/fig4-7.pdf, id=293, 794.97pt x 614.295pt>
File: figure-chapterIV/fig4-7.pdf Graphic file (type pdf)
<use figure-chapterIV/fig4-7.pdf>
Package pdftex.def Info: figure-chapterIV/fig4-7.pdf  used on input line 334.
(pdftex.def)             Requested size: 397.48402pt x 307.14674pt.
<figure-chapterIV/fig4-8.pdf, id=294, 614.295pt x 794.97pt>
File: figure-chapterIV/fig4-8.pdf Graphic file (type pdf)
<use figure-chapterIV/fig4-8.pdf>
Package pdftex.def Info: figure-chapterIV/fig4-8.pdf  used on input line 349.
(pdftex.def)             Requested size: 491.43666pt x 635.97687pt.

LaTeX Warning: Float too large for page by 84.15971pt on input line 353.

[18] [19 <./figure-chapterIV/fig4-5.pdf>] [20 <./figure-chapterIV/fig4-6.pdf, p
age is rotated 90 degrees>] [21 <./figure-chapterIV/fig4-7.pdf, page is rotated
 90 degrees>] [22 <./figure-chapterIV/fig4-8.pdf>] [23]
Underfull \hbox (badness 10000) in paragraph at lines 403--404
[]|\OT1/cmr/m/n/10 Protege 3.4.4
 []


Underfull \hbox (badness 10000) in paragraph at lines 403--404
\OT1/cmr/m/n/10 Prompt-Tab*
 []


Underfull \hbox (badness 10000) in paragraph at lines 403--404
\OT1/cmr/m/n/10 (Num-ber of
 []


Underfull \hbox (badness 10000) in paragraph at lines 404--406
\OT1/cmr/m/n/10 (Num-ber of
 []


Underfull \hbox (badness 10000) in paragraph at lines 406--408
[]|\OT1/cmr/m/n/10 NeonToolKit
 []


Underfull \hbox (badness 10000) in paragraph at lines 406--408
\OT1/cmr/m/n/10 2.3.1 Align-
 []


Underfull \hbox (badness 3861) in paragraph at lines 406--408
\OT1/cmr/m/n/10 ment Plug in!
 []


Underfull \hbox (badness 10000) in paragraph at lines 406--408
\OT1/cmr/m/n/10 (Num-ber of
 []

[24]
Underfull \hbox (badness 10000) in paragraph at lines 451--451
[]|\OT1/cmr/m/n/10 Concepts
 []


Underfull \hbox (badness 10000) in paragraph at lines 451--451
\OT1/cmr/m/n/10 in source
 []

<figure-chapterIV/fig4-9.pdf, id=383, 794.97pt x 614.295pt>
File: figure-chapterIV/fig4-9.pdf Graphic file (type pdf)
<use figure-chapterIV/fig4-9.pdf>
Package pdftex.def Info: figure-chapterIV/fig4-9.pdf  used on input line 475.
(pdftex.def)             Requested size: 397.48402pt x 307.14674pt.
[25] [26 <./figure-chapterIV/fig4-9.pdf, page is rotated 90 degrees>]
<figure-chapterIV/fig4-10.pdf, id=420, 614.295pt x 794.97pt>
File: figure-chapterIV/fig4-10.pdf Graphic file (type pdf)
<use figure-chapterIV/fig4-10.pdf>
Package pdftex.def Info: figure-chapterIV/fig4-10.pdf  used on input line 502.
(pdftex.def)             Requested size: 491.43666pt x 635.97687pt.


LaTeX Warning: Float too large for page by 84.15971pt on input line 506.

[27] [28 <./figure-chapterIV/fig4-10.pdf>]
Underfull \hbox (badness 10000) in paragraph at lines 524--524
[]|\OT1/cmr/m/n/10 Mapping
 []

<figure-chapterIV/fig4-13.pdf, id=449, 614.295pt x 794.97pt>
File: figure-chapterIV/fig4-13.pdf Graphic file (type pdf)
<use figure-chapterIV/fig4-13.pdf>
Package pdftex.def Info: figure-chapterIV/fig4-13.pdf  used on input line 574.
(pdftex.def)             Requested size: 307.14674pt x 397.48402pt.
[29] [30] [31 <./figure-chapterIV/fig4-13.pdf>] [32]
<figure-chapterIV/fig4-16.pdf, id=503, 794.97pt x 614.295pt>
File: figure-chapterIV/fig4-16.pdf Graphic file (type pdf)
<use figure-chapterIV/fig4-16.pdf>
Package pdftex.def Info: figure-chapterIV/fig4-16.pdf  used on input line 639.
(pdftex.def)             Requested size: 397.48402pt x 307.14674pt.
<figure-chapterIV/fig4-17.pdf, id=504, 614.295pt x 794.97pt>
File: figure-chapterIV/fig4-17.pdf Graphic file (type pdf)
<use figure-chapterIV/fig4-17.pdf>
Package pdftex.def Info: figure-chapterIV/fig4-17.pdf  used on input line 647.
(pdftex.def)             Requested size: 307.14674pt x 397.48402pt.
<figure-chapterIV/fig4-18.pdf, id=507, 614.295pt x 794.97pt>
File: figure-chapterIV/fig4-18.pdf Graphic file (type pdf)
<use figure-chapterIV/fig4-18.pdf>
Package pdftex.def Info: figure-chapterIV/fig4-18.pdf  used on input line 663.
(pdftex.def)             Requested size: 307.14674pt x 397.48402pt.
<figure-chapterIV/fig4-19.pdf, id=508, 614.295pt x 794.97pt>
File: figure-chapterIV/fig4-19.pdf Graphic file (type pdf)
<use figure-chapterIV/fig4-19.pdf>
Package pdftex.def Info: figure-chapterIV/fig4-19.pdf  used on input line 671.
(pdftex.def)             Requested size: 307.14674pt x 397.48402pt.
 [33] [34 <./figure-chapterIV/fig4-16.pdf, page is rotated 90 degrees>] [35 <./
figure-chapterIV/fig4-17.pdf>] [36 <./figure-chapterIV/fig4-18.pdf>] [37 <./fig
ure-chapterIV/fig4-19.pdf>]
<figure-chapterIV/fig4-20.pdf, id=557, 614.295pt x 794.97pt>
File: figure-chapterIV/fig4-20.pdf Graphic file (type pdf)
<use figure-chapterIV/fig4-20.pdf>
Package pdftex.def Info: figure-chapterIV/fig4-20.pdf  used on input line 691.
(pdftex.def)             Requested size: 307.14674pt x 397.48402pt.
<figure-chapterIV/fig4-21.pdf, id=558, 614.295pt x 794.97pt>
File: figure-chapterIV/fig4-21.pdf Graphic file (type pdf)
<use figure-chapterIV/fig4-21.pdf>
Package pdftex.def Info: figure-chapterIV/fig4-21.pdf  used on input line 699.
(pdftex.def)             Requested size: 307.14674pt x 397.48402pt.
<figure-chapterIV/fig4-22.pdf, id=561, 614.295pt x 794.97pt>
File: figure-chapterIV/fig4-22.pdf Graphic file (type pdf)
<use figure-chapterIV/fig4-22.pdf>
Package pdftex.def Info: figure-chapterIV/fig4-22.pdf  used on input line 717.
(pdftex.def)             Requested size: 307.14674pt x 397.48402pt.
<figure-chapterIV/fig4-23.pdf, id=563, 614.295pt x 794.97pt>
File: figure-chapterIV/fig4-23.pdf Graphic file (type pdf)
<use figure-chapterIV/fig4-23.pdf>
Package pdftex.def Info: figure-chapterIV/fig4-23.pdf  used on input line 728.
(pdftex.def)             Requested size: 307.14674pt x 397.48402pt.
[38 <./figure-chapterIV/fig4-20.pdf>] [39 <./figure-chapterIV/fig4-21.pdf> <./f
igure-chapterIV/fig4-22.pdf>]
<figure-chapterIV/fig4-24.pdf, id=587, 614.295pt x 794.97pt>
File: figure-chapterIV/fig4-24.pdf Graphic file (type pdf)
<use figure-chapterIV/fig4-24.pdf>
Package pdftex.def Info: figure-chapterIV/fig4-24.pdf  used on input line 743.
(pdftex.def)             Requested size: 307.14674pt x 397.48402pt.
<figure-chapterIV/fig4-25.pdf, id=588, 614.295pt x 794.97pt>
File: figure-chapterIV/fig4-25.pdf Graphic file (type pdf)
<use figure-chapterIV/fig4-25.pdf>
Package pdftex.def Info: figure-chapterIV/fig4-25.pdf  used on input line 751.
(pdftex.def)             Requested size: 307.14674pt x 397.48402pt.
 [40 <./figure-chapterIV/fig4-23.pdf>] [41 <./figure-chapterIV/fig4-24.pdf> <./
figure-chapterIV/fig4-25.pdf>]
<figure-chapterIV/fig4-26.pdf, id=609, 614.295pt x 794.97pt>
File: figure-chapterIV/fig4-26.pdf Graphic file (type pdf)
<use figure-chapterIV/fig4-26.pdf>
Package pdftex.def Info: figure-chapterIV/fig4-26.pdf  used on input line 769.
(pdftex.def)             Requested size: 307.14674pt x 397.48402pt.
<figure-chapterIV/fig4-27.pdf, id=610, 614.295pt x 794.97pt>
File: figure-chapterIV/fig4-27.pdf Graphic file (type pdf)
<use figure-chapterIV/fig4-27.pdf>
Package pdftex.def Info: figure-chapterIV/fig4-27.pdf  used on input line 781.
(pdftex.def)             Requested size: 307.14674pt x 397.48402pt.
 [42 <./figure-chapterIV/fig4-26.pdf>]
<figure-chapterIV/fig4-28.pdf, id=627, 1011.78pt x 614.295pt>
File: figure-chapterIV/fig4-28.pdf Graphic file (type pdf)
<use figure-chapterIV/fig4-28.pdf>
Package pdftex.def Info: figure-chapterIV/fig4-28.pdf  used on input line 807.
(pdftex.def)             Requested size: 607.07268pt x 368.57983pt.


LaTeX Warning: Float too large for page by 55.25552pt on input line 811.

[43 <./figure-chapterIV/fig4-27.pdf>] [44 <./figure-chapterIV/fig4-28.pdf, page
 is rotated 90 degrees>]
<figure-chapterIV/fig4-29.pdf, id=655, 614.295pt x 794.97pt>
File: figure-chapterIV/fig4-29.pdf Graphic file (type pdf)
<use figure-chapterIV/fig4-29.pdf>
Package pdftex.def Info: figure-chapterIV/fig4-29.pdf  used on input line 836.
(pdftex.def)             Requested size: 307.14674pt x 397.48402pt.
 [45] [46 <./figure-chapterIV/fig4-29.pdf>]
<figure-chapterIV/fig4-30.pdf, id=685, 614.295pt x 794.97pt>
File: figure-chapterIV/fig4-30.pdf Graphic file (type pdf)
<use figure-chapterIV/fig4-30.pdf>
Package pdftex.def Info: figure-chapterIV/fig4-30.pdf  used on input line 869.
(pdftex.def)             Requested size: 307.14674pt x 397.48402pt.
 [47]
[48 <./figure-chapterIV/fig4-30.pdf>]
<figure-chapterIV/fig4-31.pdf, id=710, 614.295pt x 794.97pt>
File: figure-chapterIV/fig4-31.pdf Graphic file (type pdf)
<use figure-chapterIV/fig4-31.pdf>
Package pdftex.def Info: figure-chapterIV/fig4-31.pdf  used on input line 883.
(pdftex.def)             Requested size: 307.14674pt x 397.48402pt.
<figure-chapterIV/fig432.pdf, id=711, 614.295pt x 794.97pt>
File: figure-chapterIV/fig432.pdf Graphic file (type pdf)
<use figure-chapterIV/fig432.pdf>
Package pdftex.def Info: figure-chapterIV/fig432.pdf  used on input line 895.
(pdftex.def)             Requested size: 307.14674pt x 397.48402pt.
<figure-chapterIV/fig4-33.pdf, id=714, 614.295pt x 794.97pt>
File: figure-chapterIV/fig4-33.pdf Graphic file (type pdf)
<use figure-chapterIV/fig4-33.pdf>
Package pdftex.def Info: figure-chapterIV/fig4-33.pdf  used on input line 911.
(pdftex.def)             Requested size: 491.43666pt x 635.97687pt.
 [49 <./figure-chapterIV/fig4-31.pdf>]
[50 <./figure-chapterIV/fig432.pdf>] [51 <./figure-chapterIV/fig4-33.pdf>]
[52]
<figure-chapterIV/fig4-34.pdf, id=768, 614.295pt x 794.97pt>
File: figure-chapterIV/fig4-34.pdf Graphic file (type pdf)
<use figure-chapterIV/fig4-34.pdf>
Package pdftex.def Info: figure-chapterIV/fig4-34.pdf  used on input line 938.
(pdftex.def)             Requested size: 307.14674pt x 397.48402pt.
<figure-chapterIV/fig4-41.pdf, id=774, 614.295pt x 794.97pt>
File: figure-chapterIV/fig4-41.pdf Graphic file (type pdf)
<use figure-chapterIV/fig4-41.pdf>
Package pdftex.def Info: figure-chapterIV/fig4-41.pdf  used on input line 951.
(pdftex.def)             Requested size: 307.14674pt x 397.48402pt.

Underfull \hbox (badness 10000) in paragraph at lines 951--952

 []

[53 <./figure-chapterIV/fig4-34.pdf>] [54 <./figure-chapterIV/fig4-41.pdf>]
<figure-chapterIV/fig4-35.pdf, id=795, 614.295pt x 794.97pt>
File: figure-chapterIV/fig4-35.pdf Graphic file (type pdf)
<use figure-chapterIV/fig4-35.pdf>
Package pdftex.def Info: figure-chapterIV/fig4-35.pdf  used on input line 971.
(pdftex.def)             Requested size: 307.14674pt x 397.48402pt.

[55] [56 <./figure-chapterIV/fig4-35.pdf>]
Overfull \hbox (8.27657pt too wide) in paragraph at lines 1018--1019
[]\OT1/cmr/m/n/10 Fig. [][]36[][] in-tro-duces this proof obli-ga-tion for a se
t of in-stances from the []SFO on-tol-ogy. There, the \OT1/cmtt/m/n/10 properDi
stance
 []

<figure-chapterIV/fig4-36.pdf, id=1353, 794.97pt x 614.295pt>
File: figure-chapterIV/fig4-36.pdf Graphic file (type pdf)
<use figure-chapterIV/fig4-36.pdf>
Package pdftex.def Info: figure-chapterIV/fig4-36.pdf  used on input line 1023.

(pdftex.def)             Requested size: 397.48402pt x 307.14674pt.
<figure-chapterIV/fig4-37.pdf, id=1354, 794.97pt x 614.295pt>
File: figure-chapterIV/fig4-37.pdf Graphic file (type pdf)
<use figure-chapterIV/fig4-37.pdf>
Package pdftex.def Info: figure-chapterIV/fig4-37.pdf  used on input line 1035.

(pdftex.def)             Requested size: 556.4752pt x 430.00356pt.

LaTeX Warning: Float too large for page by 4.93584pt on input line 1040.

<figure-chapterIV/fig4-38.pdf, id=1355, 794.97pt x 614.295pt>
File: figure-chapterIV/fig4-38.pdf Graphic file (type pdf)
<use figure-chapterIV/fig4-38.pdf>
Package pdftex.def Info: figure-chapterIV/fig4-38.pdf  used on input line 1046.

(pdftex.def)             Requested size: 397.48402pt x 307.14674pt.
<figure-chapterIV/fig4-39.pdf, id=1356, 614.295pt x 794.97pt>
File: figure-chapterIV/fig4-39.pdf Graphic file (type pdf)
<use figure-chapterIV/fig4-39.pdf>
Package pdftex.def Info: figure-chapterIV/fig4-39.pdf  used on input line 1058.

(pdftex.def)             Requested size: 307.14674pt x 397.48402pt.
[57 <./figure-chapterIV/fig4-36.pdf, page is rotated 90 degrees>] [58 <./figure
-chapterIV/fig4-37.pdf, page is rotated 90 degrees> <./figure-chapterIV/fig4-38
.pdf, page is rotated 90 degrees>] [59 <./figure-chapterIV/fig4-39.pdf>]
<figure-chapterIV/fig4-40.pdf, id=1389, 614.295pt x 794.97pt>
File: figure-chapterIV/fig4-40.pdf Graphic file (type pdf)
<use figure-chapterIV/fig4-40.pdf>
Package pdftex.def Info: figure-chapterIV/fig4-40.pdf  used on input line 1073.

(pdftex.def)             Requested size: 307.14674pt x 397.48402pt.

[60 <./figure-chapterIV/fig4-40.pdf>]) [61] (main.acr) (main.bbl [62




] [63

]
[64]) 
AED: lastpage setting LastPage
[65] (main.aux (changes.aux) (section1.aux) (methodology.aux) (results.aux))

LaTeX Warning: There were undefined references.

Package rerunfilecheck Info: File `main.out' has not changed.
(rerunfilecheck)             Checksum: 569C6DD855A40B7BA83FC01B2C7563FB;3156.
 ) 
Here is how much of TeX's memory you used:
 21122 strings out of 478659
 342388 string characters out of 2855779
 698992 words of memory out of 3000000
 38644 multiletter control sequences out of 15000+600000
 410451 words of font info for 51 fonts, out of 8000000 for 9000
 1141 hyphenation exceptions out of 8191
 91i,14n,91p,2030b,490s stack positions out of 5000i,500n,10000p,200000b,80000s
 <C:\Users\User\AppData\Local\MiKTeX\fonts/pk/ljfour/jknappen/ec/dpi600\tcrm1
000.pk><C:/Program Files/MiKTeX/fonts/type1/public/amsfonts/cm/cmbx10.pfb><C:/P
rogram Files/MiKTeX/fonts/type1/public/amsfonts/cm/cmbx12.pfb><C:/Program Files
/MiKTeX/fonts/type1/public/amsfonts/cm/cmbx7.pfb><C:/Program Files/MiKTeX/fonts
/type1/public/amsfonts/cm/cmbxti10.pfb><C:/Program Files/MiKTeX/fonts/type1/pub
lic/amsfonts/cm/cmmi10.pfb><C:/Program Files/MiKTeX/fonts/type1/public/amsfonts
/cm/cmmi7.pfb><C:/Program Files/MiKTeX/fonts/type1/public/amsfonts/cm/cmr10.pfb
><C:/Program Files/MiKTeX/fonts/type1/public/amsfonts/cm/cmr12.pfb><C:/Program 
Files/MiKTeX/fonts/type1/public/amsfonts/cm/cmr17.pfb><C:/Program Files/MiKTeX/
fonts/type1/public/amsfonts/cm/cmr6.pfb><C:/Program Files/MiKTeX/fonts/type1/pu
blic/amsfonts/cm/cmr7.pfb><C:/Program Files/MiKTeX/fonts/type1/public/amsfonts/
cm/cmr8.pfb><C:/Program Files/MiKTeX/fonts/type1/public/amsfonts/cm/cmsl10.pfb>
<C:/Program Files/MiKTeX/fonts/type1/public/amsfonts/cm/cmsy10.pfb><C:/Program 
Files/MiKTeX/fonts/type1/public/amsfonts/cm/cmti10.pfb><C:/Program Files/MiKTeX
/fonts/type1/public/amsfonts/cm/cmtt10.pfb>
Output written on main.pdf (65 pages, 3582090 bytes).
PDF statistics:
 1586 PDF objects out of 1728 (max. 8388607)
 208 named destinations out of 1000 (max. 500000)
 333 words of extra memory for PDF output out of 10000 (max. 10000000)

